[2022-02-16 21:01:09,961: INFO/MainProcess] Connected to redis://redis:6379/0
[2022-02-16 21:01:09,965: INFO/MainProcess] mingle: searching for neighbors
[2022-02-16 21:01:10,977: INFO/MainProcess] mingle: all alone
[2022-02-16 21:01:10,994: INFO/MainProcess] celery@f9921f0e0b83 ready.
[2022-02-16 21:01:23,349: INFO/MainProcess] Task create_task[ceb6cffc-e426-4970-a5df-5a1fac4478cc] received
[2022-02-16 21:01:33,378: INFO/ForkPoolWorker-7] Task create_task[ceb6cffc-e426-4970-a5df-5a1fac4478cc] succeeded in 10.025073800003156s: True
[2022-02-16 21:05:56,474: INFO/MainProcess] Connected to redis://redis:6379/0
[2022-02-16 21:05:56,480: INFO/MainProcess] mingle: searching for neighbors
[2022-02-16 21:05:57,496: INFO/MainProcess] mingle: all alone
[2022-02-16 21:05:57,524: INFO/MainProcess] celery@ccd05c900b23 ready.
[2022-02-16 21:08:15,587: INFO/MainProcess] Connected to redis://redis:6379/0
[2022-02-16 21:08:15,591: INFO/MainProcess] mingle: searching for neighbors
[2022-02-16 21:08:16,602: INFO/MainProcess] mingle: all alone
[2022-02-16 21:08:16,619: INFO/MainProcess] celery@fd59f8fcf248 ready.
[2022-02-16 21:08:21,102: INFO/MainProcess] Events of group {task} enabled by remote.
[2022-02-16 21:09:17,007: INFO/MainProcess] Task create_task[63dd73eb-9eda-4fc7-8c04-dcf852c187ca] received
[2022-02-16 21:09:18,598: INFO/MainProcess] Task create_task[1be3d2fe-dd51-42e4-b2e5-9d6fd9d511a8] received
[2022-02-16 21:09:20,353: INFO/MainProcess] Task create_task[da68bdeb-d052-4149-8417-699740187498] received
[2022-02-16 21:09:21,683: INFO/MainProcess] Task create_task[9e367cd1-81f6-4b6c-aab7-336b2eb42026] received
[2022-02-16 21:09:22,367: INFO/MainProcess] Task create_task[ba55016e-8eb8-41b8-9c11-884b4ea71113] received
[2022-02-16 21:09:23,023: INFO/MainProcess] Task create_task[55ee8b9d-bd28-477d-94f3-16539392cad0] received
[2022-02-16 21:09:27,019: INFO/ForkPoolWorker-7] Task create_task[63dd73eb-9eda-4fc7-8c04-dcf852c187ca] succeeded in 10.007605899998453s: True
[2022-02-16 21:09:31,702: INFO/ForkPoolWorker-2] Task create_task[9e367cd1-81f6-4b6c-aab7-336b2eb42026] succeeded in 10.01563239999814s: True
[2022-02-16 21:09:32,389: INFO/ForkPoolWorker-3] Task create_task[ba55016e-8eb8-41b8-9c11-884b4ea71113] succeeded in 10.017498500004876s: True
[2022-02-16 21:09:33,046: INFO/ForkPoolWorker-4] Task create_task[55ee8b9d-bd28-477d-94f3-16539392cad0] succeeded in 10.018922599963844s: True
[2022-02-16 21:09:38,591: INFO/ForkPoolWorker-8] Task create_task[1be3d2fe-dd51-42e4-b2e5-9d6fd9d511a8] succeeded in 20.023398499994073s: True
[2022-02-16 21:09:50,355: INFO/ForkPoolWorker-1] Task create_task[da68bdeb-d052-4149-8417-699740187498] succeeded in 30.032274500001222s: True
[2022-02-16 21:10:02,365: INFO/MainProcess] Connected to redis://redis:6379/0
[2022-02-16 21:10:02,370: INFO/MainProcess] mingle: searching for neighbors
[2022-02-16 21:10:02,608: INFO/MainProcess] Connected to redis://redis:6379/0
[2022-02-16 21:10:02,614: INFO/MainProcess] mingle: searching for neighbors
[2022-02-16 21:10:02,613: INFO/MainProcess] Connected to redis://redis:6379/0
[2022-02-16 21:10:02,619: INFO/MainProcess] mingle: searching for neighbors
[2022-02-16 21:10:03,389: INFO/MainProcess] mingle: all alone
[2022-02-16 21:10:03,406: INFO/MainProcess] celery@f4816d6c1e17 ready.
[2022-02-16 21:10:03,626: INFO/MainProcess] mingle: all alone
[2022-02-16 21:10:03,630: INFO/MainProcess] mingle: all alone
[2022-02-16 21:10:03,644: INFO/MainProcess] celery@d061bc3bb074 ready.
[2022-02-16 21:10:03,646: INFO/MainProcess] celery@d1c806a2199b ready.
[2022-02-16 21:10:05,805: INFO/MainProcess] Task create_task[82ec16fb-6293-49b9-b7c9-6a1b560586dd] received
[2022-02-16 21:10:06,582: INFO/MainProcess] Task create_task[4f33b939-e849-4354-9012-77d715e6eae4] received
[2022-02-16 21:10:07,837: INFO/MainProcess] Task create_task[b3b2d236-a5d8-4427-880b-8db437a75feb] received
[2022-02-16 21:10:08,080: INFO/MainProcess] Events of group {task} enabled by remote.
[2022-02-16 21:10:08,080: INFO/MainProcess] Events of group {task} enabled by remote.
[2022-02-16 21:10:08,080: INFO/MainProcess] Events of group {task} enabled by remote.
[2022-02-16 21:10:10,526: INFO/MainProcess] Task create_task[00ec388c-ba20-47d2-9867-0724c7034c38] received
[2022-02-16 21:10:11,609: INFO/MainProcess] Task create_task[d10baa54-d5b9-4de3-90a5-bac9f09f482e] received
[2022-02-16 21:10:13,186: INFO/MainProcess] Task create_task[081fce78-9dec-44ca-a844-0e7a6d2dc298] received
[2022-02-16 21:10:14,346: INFO/MainProcess] Task create_task[725b9225-819c-4f3c-9a00-6653e76637a4] received
[2022-02-16 21:10:15,790: INFO/ForkPoolWorker-7] Task create_task[82ec16fb-6293-49b9-b7c9-6a1b560586dd] succeeded in 10.015644100029022s: True
[2022-02-16 21:10:16,565: INFO/ForkPoolWorker-7] Task create_task[4f33b939-e849-4354-9012-77d715e6eae4] succeeded in 10.014254699985031s: True
[2022-02-16 21:10:17,826: INFO/ForkPoolWorker-8] Task create_task[b3b2d236-a5d8-4427-880b-8db437a75feb] succeeded in 10.019260900036898s: True
[2022-02-16 21:10:25,805: INFO/MainProcess] Task create_task[d8d27dc7-5af0-4b52-b178-99a4aa660718] received
[2022-02-16 21:10:29,288: INFO/MainProcess] Task create_task[4a808dd4-d97e-49ef-b7b0-2185c0fab210] received
[2022-02-16 21:10:30,561: INFO/ForkPoolWorker-8] Task create_task[00ec388c-ba20-47d2-9867-0724c7034c38] succeeded in 20.03153660002863s: True
[2022-02-16 21:10:31,044: INFO/MainProcess] Task create_task[006f4446-f544-45d3-842f-5829a10ac502] received
[2022-02-16 21:10:31,641: INFO/ForkPoolWorker-7] Task create_task[d10baa54-d5b9-4de3-90a5-bac9f09f482e] succeeded in 20.027840199996717s: True
[2022-02-16 21:10:34,376: INFO/ForkPoolWorker-1] Task create_task[725b9225-819c-4f3c-9a00-6653e76637a4] succeeded in 20.026221800013445s: True
[2022-02-16 21:10:35,824: INFO/ForkPoolWorker-7] Task create_task[d8d27dc7-5af0-4b52-b178-99a4aa660718] succeeded in 10.01432030001888s: True
[2022-02-16 21:10:41,030: INFO/ForkPoolWorker-2] Task create_task[006f4446-f544-45d3-842f-5829a10ac502] succeeded in 10.017253800004255s: True
[2022-02-16 21:10:43,183: INFO/ForkPoolWorker-8] Task create_task[081fce78-9dec-44ca-a844-0e7a6d2dc298] succeeded in 30.025924300018232s: True
[2022-02-16 21:11:19,171: INFO/MainProcess] Connected to redis://redis:6379/0
[2022-02-16 21:11:19,174: INFO/MainProcess] mingle: searching for neighbors
[2022-02-16 21:11:20,187: INFO/MainProcess] mingle: all alone
[2022-02-16 21:11:20,203: INFO/MainProcess] celery@896d86af2108 ready.
[2022-02-16 21:11:24,671: INFO/MainProcess] Events of group {task} enabled by remote.
[2022-02-16 21:14:10,145: INFO/MainProcess] Task create_task[4ecddb30-35c8-4399-9f14-8bd532ef74b7] received
[2022-02-16 21:14:10,152: INFO/ForkPoolWorker-7] Task create_task[4ecddb30-35c8-4399-9f14-8bd532ef74b7] succeeded in 0.004089999943971634s: True
[2022-02-16 21:15:22,495: INFO/MainProcess] Task create_task[bf4fb287-e4f2-424d-bbf8-da4a064c91b8] received
[2022-02-16 21:15:22,499: INFO/ForkPoolWorker-7] Task create_task[bf4fb287-e4f2-424d-bbf8-da4a064c91b8] succeeded in 0.000928599969483912s: True
[2022-02-16 21:27:34,065: INFO/MainProcess] Connected to redis://redis:6379/0
[2022-02-16 21:27:34,071: INFO/MainProcess] mingle: searching for neighbors
[2022-02-16 21:27:35,083: INFO/MainProcess] mingle: all alone
[2022-02-16 21:27:35,099: INFO/MainProcess] celery@497fce8c9606 ready.
[2022-02-16 21:27:39,514: INFO/MainProcess] Events of group {task} enabled by remote.
[2022-02-16 21:28:20,282: INFO/MainProcess] Connected to redis://redis:6379/0
[2022-02-16 21:28:20,286: INFO/MainProcess] mingle: searching for neighbors
[2022-02-16 21:28:21,297: INFO/MainProcess] mingle: all alone
[2022-02-16 21:28:21,313: INFO/MainProcess] celery@8374b135e841 ready.
[2022-02-16 21:28:25,769: INFO/MainProcess] Events of group {task} enabled by remote.
[2022-02-16 21:28:39,261: INFO/MainProcess] Task create_task[393545d9-fd90-49d9-8f9d-ed0ef4cd7aec] received
[2022-02-16 21:28:49,280: INFO/ForkPoolWorker-7] Task create_task[393545d9-fd90-49d9-8f9d-ed0ef4cd7aec] succeeded in 10.01493579999078s: True
[2022-02-16 21:29:26,493: INFO/MainProcess] Task create_task[d39c559e-0e3e-4de7-91dc-7f2ef898fa68] received
[2022-02-16 21:29:26,498: INFO/ForkPoolWorker-7] Task create_task[d39c559e-0e3e-4de7-91dc-7f2ef898fa68] succeeded in 0.0014217999996617436s: True
[2022-05-19 04:08:10,964: INFO/MainProcess] Connected to redis://redis:6379/0
[2022-05-19 04:08:10,967: INFO/MainProcess] mingle: searching for neighbors
[2022-05-19 04:08:11,977: INFO/MainProcess] mingle: all alone
[2022-05-19 04:08:11,989: INFO/MainProcess] celery@48d114203d6f ready.
[2022-05-19 04:08:16,675: INFO/MainProcess] Events of group {task} enabled by remote.
[2022-05-19 04:08:35,441: INFO/MainProcess] Task create_task[fe2550ea-ff51-43d1-b961-419764879116] received
[2022-05-19 04:08:49,600: INFO/MainProcess] Task create_task[626429dc-9d36-48c7-a834-affc08a51ee2] received
[2022-05-19 04:08:59,617: INFO/ForkPoolWorker-16] Task create_task[626429dc-9d36-48c7-a834-affc08a51ee2] succeeded in 10.013368403000015s: True
[2022-05-19 04:09:05,457: INFO/ForkPoolWorker-15] Task create_task[fe2550ea-ff51-43d1-b961-419764879116] succeeded in 30.012892495999978s: True
[2022-05-19 04:12:10,086: INFO/MainProcess] Task create_task[ea171c47-7843-4850-b914-80faed4b4b19] received
[2022-05-19 04:12:10,813: INFO/MainProcess] Task create_task[278e3262-2eb1-48e2-82ca-2565d5954cd0] received
[2022-05-19 04:12:11,480: INFO/MainProcess] Task create_task[3c912d29-6a29-4f58-83ac-b956c53c3c07] received
[2022-05-19 04:12:12,016: INFO/MainProcess] Task create_task[4b56a3be-951e-4769-aed8-afba6acb9dcb] received
[2022-05-19 04:12:12,741: INFO/MainProcess] Task create_task[fc6149a3-64ee-4ef5-a9c4-7498969d86dd] received
[2022-05-19 04:12:20,100: INFO/ForkPoolWorker-15] Task create_task[ea171c47-7843-4850-b914-80faed4b4b19] succeeded in 10.011519007000004s: True
[2022-05-19 04:12:21,496: INFO/ForkPoolWorker-1] Task create_task[3c912d29-6a29-4f58-83ac-b956c53c3c07] succeeded in 10.01368174199996s: True
[2022-05-19 04:12:22,034: INFO/ForkPoolWorker-2] Task create_task[4b56a3be-951e-4769-aed8-afba6acb9dcb] succeeded in 10.014714572000003s: True
[2022-05-19 04:12:30,838: INFO/ForkPoolWorker-16] Task create_task[278e3262-2eb1-48e2-82ca-2565d5954cd0] succeeded in 20.022043629999985s: True
[2022-05-19 04:12:42,776: INFO/ForkPoolWorker-3] Task create_task[fc6149a3-64ee-4ef5-a9c4-7498969d86dd] succeeded in 30.033519554999998s: True
[2022-05-19 06:32:03,759: INFO/MainProcess] Connected to redis://redis:6379/0
[2022-05-19 06:32:03,761: INFO/MainProcess] mingle: searching for neighbors
[2022-05-19 06:32:04,768: INFO/MainProcess] mingle: all alone
[2022-05-19 06:32:04,793: INFO/MainProcess] celery@48d114203d6f ready.
[2022-05-19 06:32:09,175: INFO/MainProcess] Events of group {task} enabled by remote.
[2022-05-19 06:32:22,908: INFO/MainProcess] Task create_task[8648f083-38c0-4c82-90fa-449799d3660b] received
[2022-05-19 06:32:25,220: INFO/MainProcess] Task create_task[977e0e59-ebb0-4c70-85ca-8e98b7158b1a] received
[2022-05-19 06:32:25,422: INFO/MainProcess] Task create_task[61dc46cd-a639-4aab-8979-6be3e758b56b] received
[2022-05-19 06:32:25,575: INFO/MainProcess] Task create_task[849642a0-ebaa-4824-b28a-b083cb1c1c73] received
[2022-05-19 06:32:25,744: INFO/MainProcess] Task create_task[961ffc1d-0f93-4c90-b51c-23cd63f1d63f] received
[2022-05-19 06:32:25,918: INFO/MainProcess] Task create_task[deed8c5c-ffd6-4535-a2ee-06963eb1d8ff] received
[2022-05-19 06:32:26,099: INFO/MainProcess] Task create_task[16411a08-de26-4d8b-afbb-8d8fafaf85e8] received
[2022-05-19 06:32:26,248: INFO/MainProcess] Task create_task[33213066-617c-4c0d-b42a-ecf285a7f7f4] received
[2022-05-19 06:32:26,401: INFO/MainProcess] Task create_task[cb81da48-af3c-4f62-873c-da72d360bfa2] received
[2022-05-19 06:32:26,555: INFO/MainProcess] Task create_task[c152e8f7-f0d2-4c0a-b43c-bad0bf4eb67d] received
[2022-05-19 06:32:26,716: INFO/MainProcess] Task create_task[88a57296-642e-4872-8cfb-39ea144dd0c7] received
[2022-05-19 06:32:26,879: INFO/MainProcess] Task create_task[b00e6ec4-79e6-4ba8-a6d1-3b5155839a94] received
[2022-05-19 06:32:27,055: INFO/MainProcess] Task create_task[650c52fe-ef49-4df8-82b8-7b9d77c70cd8] received
[2022-05-19 06:32:27,214: INFO/MainProcess] Task create_task[e866ceaf-ced1-4834-9841-e3fb2f35ef8c] received
[2022-05-19 06:32:27,351: INFO/MainProcess] Task create_task[56e26fb1-d3d4-4fbb-b64f-9b977a00d620] received
[2022-05-19 06:32:35,230: INFO/ForkPoolWorker-16] Task create_task[977e0e59-ebb0-4c70-85ca-8e98b7158b1a] succeeded in 10.007913986000005s: True
[2022-05-19 06:32:35,429: INFO/ForkPoolWorker-1] Task create_task[61dc46cd-a639-4aab-8979-6be3e758b56b] succeeded in 10.005411174000002s: True
[2022-05-19 06:32:35,648: INFO/ForkPoolWorker-2] Task create_task[849642a0-ebaa-4824-b28a-b083cb1c1c73] succeeded in 10.069981842000004s: True
[2022-05-19 06:32:35,750: INFO/ForkPoolWorker-3] Task create_task[961ffc1d-0f93-4c90-b51c-23cd63f1d63f] succeeded in 10.00321490799999s: True
[2022-05-19 06:32:35,933: INFO/ForkPoolWorker-4] Task create_task[deed8c5c-ffd6-4535-a2ee-06963eb1d8ff] succeeded in 10.012527175999992s: True
[2022-05-19 06:32:36,114: INFO/ForkPoolWorker-5] Task create_task[16411a08-de26-4d8b-afbb-8d8fafaf85e8] succeeded in 10.012478986000005s: True
[2022-05-19 06:32:36,259: INFO/ForkPoolWorker-6] Task create_task[33213066-617c-4c0d-b42a-ecf285a7f7f4] succeeded in 10.008972952000008s: True
[2022-05-19 06:32:36,409: INFO/ForkPoolWorker-7] Task create_task[cb81da48-af3c-4f62-873c-da72d360bfa2] succeeded in 10.006141787000004s: True
[2022-05-19 06:32:36,569: INFO/ForkPoolWorker-8] Task create_task[c152e8f7-f0d2-4c0a-b43c-bad0bf4eb67d] succeeded in 10.012277709999992s: True
[2022-05-19 06:32:36,730: INFO/ForkPoolWorker-9] Task create_task[88a57296-642e-4872-8cfb-39ea144dd0c7] succeeded in 10.012461256999998s: True
[2022-05-19 06:32:36,893: INFO/ForkPoolWorker-10] Task create_task[b00e6ec4-79e6-4ba8-a6d1-3b5155839a94] succeeded in 10.012564136000009s: True
[2022-05-19 06:32:37,070: INFO/ForkPoolWorker-11] Task create_task[650c52fe-ef49-4df8-82b8-7b9d77c70cd8] succeeded in 10.012111349999984s: True
[2022-05-19 06:32:37,229: INFO/ForkPoolWorker-12] Task create_task[e866ceaf-ced1-4834-9841-e3fb2f35ef8c] succeeded in 10.013619536999983s: True
[2022-05-19 06:32:37,365: INFO/ForkPoolWorker-13] Task create_task[56e26fb1-d3d4-4fbb-b64f-9b977a00d620] succeeded in 10.012413498s: True
[2022-05-19 06:32:42,934: INFO/ForkPoolWorker-15] Task create_task[8648f083-38c0-4c82-90fa-449799d3660b] succeeded in 20.023419528999995s: True
[2022-05-19 06:39:44,728: INFO/MainProcess] Task create_task[e28261c7-36a7-4cd2-82a9-0d61767152ee] received
[2022-05-19 06:39:45,311: INFO/MainProcess] Task create_task[bf7b0ada-9f07-4dc2-8a85-6daa1a17ef3e] received
[2022-05-19 06:39:45,934: INFO/MainProcess] Task create_task[7cc2e51f-6a75-42f2-9f7b-14a9af82cb43] received
[2022-05-19 06:39:54,740: INFO/ForkPoolWorker-15] Task create_task[e28261c7-36a7-4cd2-82a9-0d61767152ee] succeeded in 10.01070817499999s: True
[2022-05-19 06:40:05,333: INFO/ForkPoolWorker-16] Task create_task[bf7b0ada-9f07-4dc2-8a85-6daa1a17ef3e] succeeded in 20.020691252000006s: True
[2022-05-19 06:40:15,966: INFO/ForkPoolWorker-1] Task create_task[7cc2e51f-6a75-42f2-9f7b-14a9af82cb43] succeeded in 30.030785964000074s: True
[2022-05-19 06:40:40,623: INFO/MainProcess] Task create_task[e4fcfcf7-2b48-47ed-807f-652a23b10fa9] received
[2022-05-19 06:40:50,636: INFO/ForkPoolWorker-15] Task create_task[e4fcfcf7-2b48-47ed-807f-652a23b10fa9] succeeded in 10.010675392000053s: True
[2022-05-19 06:41:11,150: INFO/MainProcess] Task create_task[3676b248-389e-47ed-a3dc-dc1f2be63811] received
[2022-05-19 06:41:21,162: INFO/ForkPoolWorker-15] Task create_task[3676b248-389e-47ed-a3dc-dc1f2be63811] succeeded in 10.010752018999938s: True
[2022-05-19 06:41:45,001: INFO/MainProcess] Task create_task[3a4c1334-def0-422e-aad1-5ef43f148e9d] received
[2022-05-19 06:41:55,013: INFO/ForkPoolWorker-15] Task create_task[3a4c1334-def0-422e-aad1-5ef43f148e9d] succeeded in 10.010708396000041s: True
[2022-05-19 06:41:59,207: ERROR/MainProcess] Received unregistered task of type 'create_task2'.
The message has been ignored and discarded.

Did you remember to import the module containing this task?
Or maybe you're using relative imports?

Please see
http://docs.celeryq.org/en/latest/internals/protocol.html
for more information.

The full contents of the message body was:
b'[[1], {}, {"callbacks": null, "errbacks": null, "chain": null, "chord": null}]' (78b)
Traceback (most recent call last):
  File "/usr/local/lib/python3.10/site-packages/celery/worker/consumer/consumer.py", line 581, in on_task_received
    strategy = strategies[type_]
KeyError: 'create_task2'
[2022-05-19 06:44:43,396: ERROR/MainProcess] Received unregistered task of type 'create_task2'.
The message has been ignored and discarded.

Did you remember to import the module containing this task?
Or maybe you're using relative imports?

Please see
http://docs.celeryq.org/en/latest/internals/protocol.html
for more information.

The full contents of the message body was:
b'[[1], {}, {"callbacks": null, "errbacks": null, "chain": null, "chord": null}]' (78b)
Traceback (most recent call last):
  File "/usr/local/lib/python3.10/site-packages/celery/worker/consumer/consumer.py", line 581, in on_task_received
    strategy = strategies[type_]
KeyError: 'create_task2'
[2022-05-19 06:45:08,257: ERROR/MainProcess] Received unregistered task of type 'create_task2'.
The message has been ignored and discarded.

Did you remember to import the module containing this task?
Or maybe you're using relative imports?

Please see
http://docs.celeryq.org/en/latest/internals/protocol.html
for more information.

The full contents of the message body was:
b'[[1], {}, {"callbacks": null, "errbacks": null, "chain": null, "chord": null}]' (78b)
Traceback (most recent call last):
  File "/usr/local/lib/python3.10/site-packages/celery/worker/consumer/consumer.py", line 581, in on_task_received
    strategy = strategies[type_]
KeyError: 'create_task2'
[2022-05-19 06:45:09,021: ERROR/MainProcess] Received unregistered task of type 'create_task2'.
The message has been ignored and discarded.

Did you remember to import the module containing this task?
Or maybe you're using relative imports?

Please see
http://docs.celeryq.org/en/latest/internals/protocol.html
for more information.

The full contents of the message body was:
b'[[1], {}, {"callbacks": null, "errbacks": null, "chain": null, "chord": null}]' (78b)
Traceback (most recent call last):
  File "/usr/local/lib/python3.10/site-packages/celery/worker/consumer/consumer.py", line 581, in on_task_received
    strategy = strategies[type_]
KeyError: 'create_task2'
[2022-05-19 06:45:10,093: INFO/MainProcess] Task create_task[3ec85946-6c11-4d53-bbf0-a8d1359c62d4] received
[2022-05-19 06:45:30,116: INFO/ForkPoolWorker-15] Task create_task[3ec85946-6c11-4d53-bbf0-a8d1359c62d4] succeeded in 20.020789145000094s: True
[2022-05-19 06:45:42,930: ERROR/MainProcess] Received unregistered task of type 'create_task2'.
The message has been ignored and discarded.

Did you remember to import the module containing this task?
Or maybe you're using relative imports?

Please see
http://docs.celeryq.org/en/latest/internals/protocol.html
for more information.

The full contents of the message body was:
b'[[1], {}, {"callbacks": null, "errbacks": null, "chain": null, "chord": null}]' (78b)
Traceback (most recent call last):
  File "/usr/local/lib/python3.10/site-packages/celery/worker/consumer/consumer.py", line 581, in on_task_received
    strategy = strategies[type_]
KeyError: 'create_task2'
[2022-05-19 06:45:47,698: ERROR/MainProcess] Received unregistered task of type 'create_task2'.
The message has been ignored and discarded.

Did you remember to import the module containing this task?
Or maybe you're using relative imports?

Please see
http://docs.celeryq.org/en/latest/internals/protocol.html
for more information.

The full contents of the message body was:
b'[[1], {}, {"callbacks": null, "errbacks": null, "chain": null, "chord": null}]' (78b)
Traceback (most recent call last):
  File "/usr/local/lib/python3.10/site-packages/celery/worker/consumer/consumer.py", line 581, in on_task_received
    strategy = strategies[type_]
KeyError: 'create_task2'
[2022-05-19 06:46:22,600: ERROR/MainProcess] Received unregistered task of type 'create_task2'.
The message has been ignored and discarded.

Did you remember to import the module containing this task?
Or maybe you're using relative imports?

Please see
http://docs.celeryq.org/en/latest/internals/protocol.html
for more information.

The full contents of the message body was:
b'[[1], {}, {"callbacks": null, "errbacks": null, "chain": null, "chord": null}]' (78b)
Traceback (most recent call last):
  File "/usr/local/lib/python3.10/site-packages/celery/worker/consumer/consumer.py", line 581, in on_task_received
    strategy = strategies[type_]
KeyError: 'create_task2'
[2022-05-19 06:48:42,210: INFO/MainProcess] Task create_task[ef957794-04ee-4a59-892b-ee9b26a82017] received
[2022-05-19 06:48:44,053: INFO/MainProcess] Task create_task[e78ef470-c68b-4be7-bafc-7803c588102c] received
[2022-05-19 06:48:52,223: INFO/ForkPoolWorker-15] Task create_task[ef957794-04ee-4a59-892b-ee9b26a82017] succeeded in 10.010784160000185s: True
[2022-05-19 06:49:04,075: INFO/ForkPoolWorker-16] Task create_task[e78ef470-c68b-4be7-bafc-7803c588102c] succeeded in 20.02078773700009s: True
[2022-05-19 06:49:27,188: INFO/MainProcess] Task create_task[42b29881-4c6f-4e6e-b706-0fa82a501a0e] received
[2022-05-19 06:49:37,200: INFO/ForkPoolWorker-15] Task create_task[42b29881-4c6f-4e6e-b706-0fa82a501a0e] succeeded in 10.010673651999923s: True
[2022-05-19 10:51:06,797: INFO/MainProcess] Connected to redis://redis:6379/0
[2022-05-19 10:51:06,801: INFO/MainProcess] mingle: searching for neighbors
[2022-05-19 10:51:07,810: INFO/MainProcess] mingle: all alone
[2022-05-19 10:51:07,819: INFO/MainProcess] celery@48d114203d6f ready.
[2022-05-19 10:51:12,141: INFO/MainProcess] Task create_task[11c26b6b-407a-405a-9105-47574988aa18] received
[2022-05-19 10:51:12,142: WARNING/ForkPoolWorker-15] poo
[2022-05-19 10:51:12,508: INFO/MainProcess] Events of group {task} enabled by remote.
[2022-05-19 10:51:13,144: WARNING/ForkPoolWorker-15] poo
[2022-05-19 10:51:13,582: INFO/MainProcess] Task create_task[a90f2146-4739-46cf-b05a-7cb7256b4b59] received
[2022-05-19 10:51:13,584: WARNING/ForkPoolWorker-16] poo
[2022-05-19 10:51:14,146: WARNING/ForkPoolWorker-15] poo
[2022-05-19 10:51:14,587: WARNING/ForkPoolWorker-16] poo
[2022-05-19 10:51:15,148: WARNING/ForkPoolWorker-15] poo
[2022-05-19 10:51:15,213: INFO/MainProcess] Task create_task[2ffe4365-f755-4806-a849-ddbe5713cb6d] received
[2022-05-19 10:51:15,216: WARNING/ForkPoolWorker-1] poo
[2022-05-19 10:51:15,589: WARNING/ForkPoolWorker-16] poo
[2022-05-19 10:51:16,150: WARNING/ForkPoolWorker-15] poo
[2022-05-19 10:51:16,202: INFO/MainProcess] Task create_task[b33c99d6-29dc-41c5-948a-965904a40040] received
[2022-05-19 10:51:16,204: WARNING/ForkPoolWorker-2] poo
[2022-05-19 10:51:16,218: WARNING/ForkPoolWorker-1] poo
[2022-05-19 10:51:16,591: WARNING/ForkPoolWorker-16] poo
[2022-05-19 10:51:16,851: INFO/MainProcess] Task create_task[9281525c-58e1-463f-9778-b893a9798d35] received
[2022-05-19 10:51:16,854: WARNING/ForkPoolWorker-3] poo
[2022-05-19 10:51:17,151: WARNING/ForkPoolWorker-15] poo
[2022-05-19 10:51:17,206: WARNING/ForkPoolWorker-2] poo
[2022-05-19 10:51:17,220: WARNING/ForkPoolWorker-1] poo
[2022-05-19 10:51:17,593: WARNING/ForkPoolWorker-16] poo
[2022-05-19 10:51:17,857: WARNING/ForkPoolWorker-3] poo
[2022-05-19 10:51:18,153: WARNING/ForkPoolWorker-15] poo
[2022-05-19 10:51:18,208: WARNING/ForkPoolWorker-2] poo
[2022-05-19 10:51:18,222: WARNING/ForkPoolWorker-1] poo
[2022-05-19 10:51:18,594: WARNING/ForkPoolWorker-16] poo
[2022-05-19 10:51:18,859: WARNING/ForkPoolWorker-3] poo
[2022-05-19 10:51:19,158: WARNING/ForkPoolWorker-15] poo
[2022-05-19 10:51:19,213: WARNING/ForkPoolWorker-2] poo
[2022-05-19 10:51:19,226: WARNING/ForkPoolWorker-1] poo
[2022-05-19 10:51:19,599: WARNING/ForkPoolWorker-16] poo
[2022-05-19 10:51:19,863: WARNING/ForkPoolWorker-3] poo
[2022-05-19 10:51:20,159: WARNING/ForkPoolWorker-15] poo
[2022-05-19 10:51:20,215: WARNING/ForkPoolWorker-2] poo
[2022-05-19 10:51:20,228: WARNING/ForkPoolWorker-1] poo
[2022-05-19 10:51:20,601: WARNING/ForkPoolWorker-16] poo
[2022-05-19 10:51:20,865: WARNING/ForkPoolWorker-3] poo
[2022-05-19 10:51:21,161: WARNING/ForkPoolWorker-15] poo
[2022-05-19 10:51:21,216: WARNING/ForkPoolWorker-2] poo
[2022-05-19 10:51:21,229: WARNING/ForkPoolWorker-1] poo
[2022-05-19 10:51:21,603: WARNING/ForkPoolWorker-16] poo
[2022-05-19 10:51:21,866: WARNING/ForkPoolWorker-3] poo
[2022-05-19 10:51:22,163: WARNING/ForkPoolWorker-15] poo
[2022-05-19 10:51:22,218: WARNING/ForkPoolWorker-2] poo
[2022-05-19 10:51:22,231: WARNING/ForkPoolWorker-1] poo
[2022-05-19 10:51:22,604: WARNING/ForkPoolWorker-16] poo
[2022-05-19 10:51:22,868: WARNING/ForkPoolWorker-3] poo
[2022-05-19 10:51:23,165: WARNING/ForkPoolWorker-15] poo
[2022-05-19 10:51:23,220: WARNING/ForkPoolWorker-2] poo
[2022-05-19 10:51:23,233: WARNING/ForkPoolWorker-1] poo
[2022-05-19 10:51:23,609: INFO/ForkPoolWorker-16] Task create_task[a90f2146-4739-46cf-b05a-7cb7256b4b59] succeeded in 10.023021994999993s: True
[2022-05-19 10:51:23,870: WARNING/ForkPoolWorker-3] poo
[2022-05-19 10:51:24,167: WARNING/ForkPoolWorker-15] poo
[2022-05-19 10:51:24,222: WARNING/ForkPoolWorker-2] poo
[2022-05-19 10:51:24,234: WARNING/ForkPoolWorker-1] poo
[2022-05-19 10:51:24,872: WARNING/ForkPoolWorker-3] poo
[2022-05-19 10:51:25,169: WARNING/ForkPoolWorker-15] poo
[2022-05-19 10:51:25,224: WARNING/ForkPoolWorker-2] poo
[2022-05-19 10:51:25,239: INFO/ForkPoolWorker-1] Task create_task[2ffe4365-f755-4806-a849-ddbe5713cb6d] succeeded in 10.020722045999989s: True
[2022-05-19 10:51:25,874: WARNING/ForkPoolWorker-3] poo
[2022-05-19 10:51:26,171: WARNING/ForkPoolWorker-15] poo
[2022-05-19 10:51:26,225: WARNING/ForkPoolWorker-2] poo
[2022-05-19 10:51:26,878: INFO/ForkPoolWorker-3] Task create_task[9281525c-58e1-463f-9778-b893a9798d35] succeeded in 10.022095870000001s: True
[2022-05-19 10:51:27,173: WARNING/ForkPoolWorker-15] poo
[2022-05-19 10:51:27,227: WARNING/ForkPoolWorker-2] poo
[2022-05-19 10:51:28,175: WARNING/ForkPoolWorker-15] poo
[2022-05-19 10:51:28,229: WARNING/ForkPoolWorker-2] poo
[2022-05-19 10:51:29,177: WARNING/ForkPoolWorker-15] poo
[2022-05-19 10:51:29,231: WARNING/ForkPoolWorker-2] poo
[2022-05-19 10:51:30,179: WARNING/ForkPoolWorker-15] poo
[2022-05-19 10:51:30,233: WARNING/ForkPoolWorker-2] poo
[2022-05-19 10:51:31,180: WARNING/ForkPoolWorker-15] poo
[2022-05-19 10:51:31,235: WARNING/ForkPoolWorker-2] poo
[2022-05-19 10:51:32,184: INFO/ForkPoolWorker-15] Task create_task[11c26b6b-407a-405a-9105-47574988aa18] succeeded in 20.039724684000007s: True
[2022-05-19 10:51:32,237: WARNING/ForkPoolWorker-2] poo
[2022-05-19 10:51:33,238: WARNING/ForkPoolWorker-2] poo
[2022-05-19 10:51:34,240: WARNING/ForkPoolWorker-2] poo
[2022-05-19 10:51:35,242: WARNING/ForkPoolWorker-2] poo
[2022-05-19 10:51:36,248: INFO/ForkPoolWorker-2] Task create_task[b33c99d6-29dc-41c5-948a-965904a40040] succeeded in 20.041366773000007s: True
[2022-06-13 08:21:44,544: INFO/MainProcess] Connected to redis://redis:6379/0
[2022-06-13 08:21:44,546: INFO/MainProcess] mingle: searching for neighbors
[2022-06-13 08:21:45,553: INFO/MainProcess] mingle: all alone
[2022-06-13 08:21:45,572: INFO/MainProcess] celery@48d114203d6f ready.
[2022-06-13 08:21:46,648: INFO/MainProcess] Events of group {task} enabled by remote.
[2022-06-13 08:22:02,070: INFO/MainProcess] Connected to redis://redis:6379/0
[2022-06-13 08:22:02,072: INFO/MainProcess] mingle: searching for neighbors
[2022-06-13 08:22:03,078: INFO/MainProcess] mingle: all alone
[2022-06-13 08:22:03,086: INFO/MainProcess] celery@48d114203d6f ready.
[2022-06-13 08:22:07,944: INFO/MainProcess] Events of group {task} enabled by remote.
[2022-06-13 08:22:15,205: INFO/MainProcess] Task create_task[4ae75508-d146-4e41-b727-83c0e29e6581] received
[2022-06-13 08:22:15,206: WARNING/ForkPoolWorker-15] poo
[2022-06-13 08:22:16,208: WARNING/ForkPoolWorker-15] poo
[2022-06-13 08:22:17,210: WARNING/ForkPoolWorker-15] poo
[2022-06-13 08:22:18,212: WARNING/ForkPoolWorker-15] poo
[2022-06-13 08:22:19,214: WARNING/ForkPoolWorker-15] poo
[2022-06-13 08:22:20,216: WARNING/ForkPoolWorker-15] poo
[2022-06-13 08:22:21,218: WARNING/ForkPoolWorker-15] poo
[2022-06-13 08:22:22,220: WARNING/ForkPoolWorker-15] poo
[2022-06-13 08:22:23,221: WARNING/ForkPoolWorker-15] poo
[2022-06-13 08:22:24,223: WARNING/ForkPoolWorker-15] poo
[2022-06-13 08:22:25,227: INFO/ForkPoolWorker-15] Task create_task[4ae75508-d146-4e41-b727-83c0e29e6581] succeeded in 10.020952276999992s: True
[2022-06-13 08:48:02,525: INFO/MainProcess] Connected to redis://redis:6379/0
[2022-06-13 08:48:02,527: INFO/MainProcess] mingle: searching for neighbors
[2022-06-13 08:48:03,534: INFO/MainProcess] mingle: all alone
[2022-06-13 08:48:03,541: INFO/MainProcess] celery@48d114203d6f ready.
[2022-06-13 08:48:08,345: INFO/MainProcess] Events of group {task} enabled by remote.
[2022-06-13 08:56:06,015: INFO/MainProcess] Task create_task[29799855-c222-4a37-a22e-4b54e0de7568] received
[2022-06-13 08:56:06,017: WARNING/ForkPoolWorker-15] poo
[2022-06-13 08:56:07,019: WARNING/ForkPoolWorker-15] poo
[2022-06-13 08:56:08,021: WARNING/ForkPoolWorker-15] poo
[2022-06-13 08:56:09,023: WARNING/ForkPoolWorker-15] poo
[2022-06-13 08:56:10,025: WARNING/ForkPoolWorker-15] poo
[2022-06-13 08:56:11,027: WARNING/ForkPoolWorker-15] poo
[2022-06-13 08:56:12,029: WARNING/ForkPoolWorker-15] poo
[2022-06-13 08:56:13,031: WARNING/ForkPoolWorker-15] poo
[2022-06-13 08:56:14,032: WARNING/ForkPoolWorker-15] poo
[2022-06-13 08:56:15,034: WARNING/ForkPoolWorker-15] poo
[2022-06-13 08:56:16,036: WARNING/ForkPoolWorker-15] poo
[2022-06-13 08:56:17,038: WARNING/ForkPoolWorker-15] poo
[2022-06-13 08:56:18,040: WARNING/ForkPoolWorker-15] poo
[2022-06-13 08:56:19,042: WARNING/ForkPoolWorker-15] poo
[2022-06-13 08:56:20,044: WARNING/ForkPoolWorker-15] poo
[2022-06-13 08:56:21,046: WARNING/ForkPoolWorker-15] poo
[2022-06-13 08:56:22,048: WARNING/ForkPoolWorker-15] poo
[2022-06-13 08:56:23,050: WARNING/ForkPoolWorker-15] poo
[2022-06-13 08:56:24,052: WARNING/ForkPoolWorker-15] poo
[2022-06-13 08:56:25,054: WARNING/ForkPoolWorker-15] poo
[2022-06-13 08:56:26,059: INFO/ForkPoolWorker-15] Task create_task[29799855-c222-4a37-a22e-4b54e0de7568] succeeded in 20.04135907800037s: True
[2022-06-13 08:56:35,928: INFO/MainProcess] Task create_task[700e0489-f40c-4afa-ac99-4badd659ec41] received
[2022-06-13 08:56:35,929: WARNING/ForkPoolWorker-15] poo
[2022-06-13 08:56:36,931: WARNING/ForkPoolWorker-15] poo
[2022-06-13 08:56:37,933: WARNING/ForkPoolWorker-15] poo
[2022-06-13 08:56:38,935: WARNING/ForkPoolWorker-15] poo
[2022-06-13 08:56:39,938: WARNING/ForkPoolWorker-15] poo
[2022-06-13 08:56:40,941: WARNING/ForkPoolWorker-15] poo
[2022-06-13 08:56:41,943: WARNING/ForkPoolWorker-15] poo
[2022-06-13 08:56:42,945: WARNING/ForkPoolWorker-15] poo
[2022-06-13 08:56:43,947: WARNING/ForkPoolWorker-15] poo
[2022-06-13 08:56:44,949: WARNING/ForkPoolWorker-15] poo
[2022-06-13 08:56:45,951: INFO/ForkPoolWorker-15] Task create_task[700e0489-f40c-4afa-ac99-4badd659ec41] succeeded in 10.02233027300008s: True
[2022-06-13 08:57:46,510: INFO/MainProcess] Task do_math[e0ea3c0f-8e63-4bf6-b79f-967faad30e72] received
[2022-06-13 08:57:47,513: INFO/ForkPoolWorker-15] Task do_math[e0ea3c0f-8e63-4bf6-b79f-967faad30e72] succeeded in 1.0018078389998664s: 1
[2022-06-13 08:57:49,409: INFO/MainProcess] Task do_math[232e6ce1-dd49-4701-bf31-a78ec54b0d05] received
[2022-06-13 08:57:53,415: INFO/ForkPoolWorker-15] Task do_math[232e6ce1-dd49-4701-bf31-a78ec54b0d05] succeeded in 4.004703045000042s: 4
[2022-06-13 09:07:41,581: INFO/MainProcess] Connected to redis://redis:6379/0
[2022-06-13 09:07:41,583: INFO/MainProcess] mingle: searching for neighbors
[2022-06-13 09:07:42,588: INFO/MainProcess] mingle: all alone
[2022-06-13 09:07:42,596: INFO/MainProcess] celery@971ec600ca3d ready.
[2022-06-13 09:07:47,509: INFO/MainProcess] Events of group {task} enabled by remote.
[2022-06-13 09:17:05,076: INFO/MainProcess] Task do_math[e29ec50e-9233-4626-bc1f-e30a2fe9b312] received
[2022-06-13 09:17:06,081: INFO/ForkPoolWorker-15] Task do_math[e29ec50e-9233-4626-bc1f-e30a2fe9b312] succeeded in 1.0032827199997882s: 1
[2022-06-13 09:17:19,806: INFO/MainProcess] Task do_math[50d35efc-671f-49cb-baa5-4c92e4b60d40] received
[2022-06-13 09:17:23,812: INFO/ForkPoolWorker-15] Task do_math[50d35efc-671f-49cb-baa5-4c92e4b60d40] succeeded in 4.004906896999728s: 4
[2022-06-13 09:25:12,021: INFO/MainProcess] Connected to redis://redis:6379/0
[2022-06-13 09:25:12,023: INFO/MainProcess] mingle: searching for neighbors
[2022-06-13 09:25:13,028: INFO/MainProcess] mingle: all alone
[2022-06-13 09:25:13,035: INFO/MainProcess] celery@971ec600ca3d ready.
[2022-06-13 09:25:17,991: INFO/MainProcess] Events of group {task} enabled by remote.
[2022-06-13 09:30:54,960: INFO/MainProcess] Connected to redis://redis:6379/0
[2022-06-13 09:30:54,965: INFO/MainProcess] mingle: searching for neighbors
[2022-06-13 09:30:55,974: INFO/MainProcess] mingle: all alone
[2022-06-13 09:30:55,985: INFO/MainProcess] celery@971ec600ca3d ready.
[2022-06-13 09:32:11,163: INFO/MainProcess] Events of group {task} enabled by remote.
[2022-06-13 09:47:10,670: INFO/MainProcess] Connected to redis://redis:6379/0
[2022-06-13 09:47:10,675: INFO/MainProcess] mingle: searching for neighbors
[2022-06-13 09:47:11,686: INFO/MainProcess] mingle: all alone
[2022-06-13 09:47:11,696: INFO/MainProcess] celery@32e7e9acb0f2 ready.
[2022-06-13 09:47:16,342: INFO/MainProcess] Events of group {task} enabled by remote.
[2022-06-13 09:50:30,991: INFO/MainProcess] Connected to redis://redis:6379/0
[2022-06-13 09:50:30,994: INFO/MainProcess] mingle: searching for neighbors
[2022-06-13 09:50:32,002: INFO/MainProcess] mingle: all alone
[2022-06-13 09:50:32,011: INFO/MainProcess] celery@32e7e9acb0f2 ready.
[2022-06-13 09:50:36,605: INFO/MainProcess] Events of group {task} enabled by remote.
[2022-06-13 10:03:34,246: INFO/MainProcess] Task do_math[37bdbbe5-c2fe-4fb6-9d9e-5d4b10313592] received
[2022-06-13 10:03:35,254: INFO/ForkPoolWorker-15] Task do_math[37bdbbe5-c2fe-4fb6-9d9e-5d4b10313592] succeeded in 1.004440342999942s: 1
[2022-06-13 10:04:08,381: INFO/MainProcess] Task do_math[07c4b659-3c71-4870-97db-643bdf3d29d5] received
[2022-06-13 10:04:09,386: INFO/ForkPoolWorker-15] Task do_math[07c4b659-3c71-4870-97db-643bdf3d29d5] succeeded in 1.0025282869999046s: 1
[2022-06-13 10:04:10,631: INFO/MainProcess] Task do_math[d07ed164-d523-4712-96b0-faf291cd0170] received
[2022-06-13 10:04:11,637: INFO/ForkPoolWorker-15] Task do_math[d07ed164-d523-4712-96b0-faf291cd0170] succeeded in 1.0022009839999555s: 1
[2022-06-13 10:04:14,232: INFO/MainProcess] Task do_math[7c90caac-8d18-4404-8903-ebe75f7a0982] received
[2022-06-13 10:04:18,244: INFO/ForkPoolWorker-15] Task do_math[7c90caac-8d18-4404-8903-ebe75f7a0982] succeeded in 4.005603841000038s: 4
[2022-06-13 10:04:39,689: INFO/MainProcess] Connected to redis://redis:6379/0
[2022-06-13 10:04:39,693: INFO/MainProcess] mingle: searching for neighbors
[2022-06-13 10:04:40,700: INFO/MainProcess] mingle: all alone
[2022-06-13 10:04:40,709: INFO/MainProcess] celery@32e7e9acb0f2 ready.
[2022-06-13 10:04:44,128: INFO/MainProcess] Events of group {task} enabled by remote.
[2022-06-13 10:04:44,470: INFO/MainProcess] Task do_math[589ef002-098b-4635-bd8a-a0cd718a1083] received
[2022-06-13 10:04:45,525: ERROR/ForkPoolWorker-15] Task do_math[589ef002-098b-4635-bd8a-a0cd718a1083] raised unexpected: RuntimeError('No application found. Either work inside a view function or push an application context. See http://flask-sqlalchemy.pocoo.org/contexts/.')
Traceback (most recent call last):
  File "/usr/local/lib/python3.10/site-packages/sqlalchemy/util/_collections.py", line 1008, in __call__
    return self.registry[key]
KeyError: <greenlet.greenlet object at 0x7ffbce311dd0 (otid=0x7ffbcf1caf00) current active started main>

During handling of the above exception, another exception occurred:

Traceback (most recent call last):
  File "/usr/local/lib/python3.10/site-packages/celery/app/trace.py", line 451, in trace_task
    R = retval = fun(*args, **kwargs)
  File "/usr/local/lib/python3.10/site-packages/celery/app/trace.py", line 734, in __protected_call__
    return self.run(*args, **kwargs)
  File "/usr/src/app/project/server/tasks.py", line 26, in do_math
    upscore = Matchup.query.filter_by(id=1).first()
  File "/usr/local/lib/python3.10/site-packages/flask_sqlalchemy/__init__.py", line 552, in __get__
    return type.query_class(mapper, session=self.sa.session())
  File "/usr/local/lib/python3.10/site-packages/sqlalchemy/orm/scoping.py", line 47, in __call__
    sess = self.registry()
  File "/usr/local/lib/python3.10/site-packages/sqlalchemy/util/_collections.py", line 1010, in __call__
    return self.registry.setdefault(key, self.createfunc())
  File "/usr/local/lib/python3.10/site-packages/sqlalchemy/orm/session.py", line 4225, in __call__
    return self.class_(**local_kw)
  File "/usr/local/lib/python3.10/site-packages/flask_sqlalchemy/__init__.py", line 174, in __init__
    self.app = app = db.get_app()
  File "/usr/local/lib/python3.10/site-packages/flask_sqlalchemy/__init__.py", line 1042, in get_app
    raise RuntimeError(
RuntimeError: No application found. Either work inside a view function or push an application context. See http://flask-sqlalchemy.pocoo.org/contexts/.
[2022-06-13 10:06:32,809: INFO/MainProcess] Connected to redis://redis:6379/0
[2022-06-13 10:06:32,811: INFO/MainProcess] mingle: searching for neighbors
[2022-06-13 10:06:33,818: INFO/MainProcess] mingle: all alone
[2022-06-13 10:06:33,830: INFO/MainProcess] celery@32e7e9acb0f2 ready.
[2022-06-13 10:06:34,125: INFO/MainProcess] Events of group {task} enabled by remote.
[2022-06-13 10:06:37,709: INFO/MainProcess] Task do_math[bcf9a4aa-30e1-4e2a-8629-a78048b24239] received
[2022-06-13 10:06:38,755: ERROR/ForkPoolWorker-15] Task do_math[bcf9a4aa-30e1-4e2a-8629-a78048b24239] raised unexpected: RuntimeError('No application found. Either work inside a view function or push an application context. See http://flask-sqlalchemy.pocoo.org/contexts/.')
Traceback (most recent call last):
  File "/usr/local/lib/python3.10/site-packages/sqlalchemy/util/_collections.py", line 1008, in __call__
    return self.registry[key]
KeyError: <greenlet.greenlet object at 0x7efe09545dd0 (otid=0x7efe0a4b7140) current active started main>

During handling of the above exception, another exception occurred:

Traceback (most recent call last):
  File "/usr/local/lib/python3.10/site-packages/celery/app/trace.py", line 451, in trace_task
    R = retval = fun(*args, **kwargs)
  File "/usr/local/lib/python3.10/site-packages/celery/app/trace.py", line 734, in __protected_call__
    return self.run(*args, **kwargs)
  File "/usr/src/app/project/server/tasks.py", line 26, in do_math
    upscore = Matchup.query.filter_by(id=1).first()
  File "/usr/local/lib/python3.10/site-packages/flask_sqlalchemy/__init__.py", line 552, in __get__
    return type.query_class(mapper, session=self.sa.session())
  File "/usr/local/lib/python3.10/site-packages/sqlalchemy/orm/scoping.py", line 47, in __call__
    sess = self.registry()
  File "/usr/local/lib/python3.10/site-packages/sqlalchemy/util/_collections.py", line 1010, in __call__
    return self.registry.setdefault(key, self.createfunc())
  File "/usr/local/lib/python3.10/site-packages/sqlalchemy/orm/session.py", line 4225, in __call__
    return self.class_(**local_kw)
  File "/usr/local/lib/python3.10/site-packages/flask_sqlalchemy/__init__.py", line 174, in __init__
    self.app = app = db.get_app()
  File "/usr/local/lib/python3.10/site-packages/flask_sqlalchemy/__init__.py", line 1042, in get_app
    raise RuntimeError(
RuntimeError: No application found. Either work inside a view function or push an application context. See http://flask-sqlalchemy.pocoo.org/contexts/.
[2022-06-13 10:06:54,815: INFO/MainProcess] Task do_math[75b185db-ac30-45d1-8c93-2e9ad2bbdd61] received
[2022-06-13 10:06:58,825: ERROR/ForkPoolWorker-15] Task do_math[75b185db-ac30-45d1-8c93-2e9ad2bbdd61] raised unexpected: RuntimeError('No application found. Either work inside a view function or push an application context. See http://flask-sqlalchemy.pocoo.org/contexts/.')
Traceback (most recent call last):
  File "/usr/local/lib/python3.10/site-packages/sqlalchemy/util/_collections.py", line 1008, in __call__
    return self.registry[key]
KeyError: <greenlet.greenlet object at 0x7efe09545dd0 (otid=0x7efe0a4b7140) current active started main>

During handling of the above exception, another exception occurred:

Traceback (most recent call last):
  File "/usr/local/lib/python3.10/site-packages/celery/app/trace.py", line 451, in trace_task
    R = retval = fun(*args, **kwargs)
  File "/usr/local/lib/python3.10/site-packages/celery/app/trace.py", line 734, in __protected_call__
    return self.run(*args, **kwargs)
  File "/usr/src/app/project/server/tasks.py", line 26, in do_math
    upscore = Matchup.query.filter_by(id=1).first()
  File "/usr/local/lib/python3.10/site-packages/flask_sqlalchemy/__init__.py", line 552, in __get__
    return type.query_class(mapper, session=self.sa.session())
  File "/usr/local/lib/python3.10/site-packages/sqlalchemy/orm/scoping.py", line 47, in __call__
    sess = self.registry()
  File "/usr/local/lib/python3.10/site-packages/sqlalchemy/util/_collections.py", line 1010, in __call__
    return self.registry.setdefault(key, self.createfunc())
  File "/usr/local/lib/python3.10/site-packages/sqlalchemy/orm/session.py", line 4225, in __call__
    return self.class_(**local_kw)
  File "/usr/local/lib/python3.10/site-packages/flask_sqlalchemy/__init__.py", line 174, in __init__
    self.app = app = db.get_app()
  File "/usr/local/lib/python3.10/site-packages/flask_sqlalchemy/__init__.py", line 1042, in get_app
    raise RuntimeError(
RuntimeError: No application found. Either work inside a view function or push an application context. See http://flask-sqlalchemy.pocoo.org/contexts/.
[2022-06-15 01:58:57,378: INFO/MainProcess] Connected to redis://redis:6379/0
[2022-06-15 01:58:57,380: INFO/MainProcess] mingle: searching for neighbors
[2022-06-15 01:58:58,386: INFO/MainProcess] mingle: all alone
[2022-06-15 01:58:58,393: INFO/MainProcess] celery@64e8cf0e457c ready.
[2022-06-15 01:59:02,860: INFO/MainProcess] Events of group {task} enabled by remote.
[2022-06-15 02:10:45,564: INFO/MainProcess] Connected to redis://redis:6379/0
[2022-06-15 02:10:45,566: INFO/MainProcess] mingle: searching for neighbors
[2022-06-15 02:10:46,573: INFO/MainProcess] mingle: all alone
[2022-06-15 02:10:46,580: INFO/MainProcess] celery@64e8cf0e457c ready.
[2022-06-15 02:10:51,069: INFO/MainProcess] Events of group {task} enabled by remote.
[2022-06-16 03:00:43,547: INFO/MainProcess] Connected to redis://redis:6379/0
[2022-06-16 03:00:43,550: INFO/MainProcess] mingle: searching for neighbors
[2022-06-16 03:00:44,557: INFO/MainProcess] mingle: all alone
[2022-06-16 03:00:44,565: INFO/MainProcess] celery@6994d7e71274 ready.
[2022-06-16 03:00:48,577: INFO/MainProcess] Events of group {task} enabled by remote.
[2022-06-16 03:39:17,201: INFO/MainProcess] Connected to redis://redis:6379/0
[2022-06-16 03:39:17,203: INFO/MainProcess] mingle: searching for neighbors
[2022-06-16 03:39:18,211: INFO/MainProcess] mingle: all alone
[2022-06-16 03:39:18,222: INFO/MainProcess] celery@6994d7e71274 ready.
[2022-06-16 03:39:22,181: INFO/MainProcess] Events of group {task} enabled by remote.
[2022-06-16 05:00:08,059: INFO/MainProcess] Connected to redis://redis:6379/0
[2022-06-16 05:00:08,062: INFO/MainProcess] mingle: searching for neighbors
[2022-06-16 05:00:09,069: INFO/MainProcess] mingle: all alone
[2022-06-16 05:00:09,078: INFO/MainProcess] celery@6994d7e71274 ready.
[2022-06-16 05:00:12,914: INFO/MainProcess] Events of group {task} enabled by remote.
[2022-06-16 13:46:36,065: INFO/MainProcess] Connected to redis://redis:6379/0
[2022-06-16 13:46:36,068: INFO/MainProcess] mingle: searching for neighbors
[2022-06-16 13:46:37,076: INFO/MainProcess] mingle: all alone
[2022-06-16 13:46:37,087: INFO/MainProcess] celery@6994d7e71274 ready.
[2022-06-16 13:46:41,064: INFO/MainProcess] Events of group {task} enabled by remote.
[2022-06-16 16:26:40,912: INFO/MainProcess] Task background_scrape[036dcb97-2f27-4c53-b6ae-19e873a4b394] received
[2022-06-16 16:26:41,147: INFO/MainProcess] Task background_scrape[174c47eb-1990-4375-b112-87b2cb1c4e27] received
[2022-06-16 16:26:41,432: INFO/MainProcess] Task background_scrape[ec0ca875-a939-421a-bc43-c64d19bc78d9] received
[2022-06-16 16:26:41,667: INFO/MainProcess] Task background_scrape[55652933-1380-4f96-81ee-25db97745485] received
[2022-06-16 16:26:41,964: INFO/MainProcess] Task background_scrape[a181d7f6-211f-4bc1-b5ec-aaddbb0f647d] received
[2022-06-16 16:26:42,288: INFO/MainProcess] Task background_scrape[0a9c315a-eabe-42c8-91f9-b818b73df3f9] received
[2022-06-16 16:26:42,517: INFO/MainProcess] Task background_scrape[ee76cdbd-8be2-47df-a275-0323c73ce25f] received
[2022-06-16 16:26:42,809: INFO/MainProcess] Task background_scrape[a28de093-f1f0-4b3a-a0ec-3d56b27014d2] received
[2022-06-16 16:29:39,997: WARNING/ForkPoolWorker-31] {'name': 'GG Licorice', 'id': '98926509838831804', 'pick': 'Renekton', 'role': 'top', 'teamId': '99294153824386385', 'kills': 0, 'deaths': 3, 'assists': 2, 'cs': 189, 'wardsKilled': 6, 'wardsPlaced': 13, 'cs15': 108, 'firstBlood': 1, 'firstTower': 1, 'towers': 2, 'firstDragon': 0, 'firstBaron': 0, 'dragons': [], 'solo': 0, 'barons': 0, 'soul': 0, 'elder': 0}
[2022-06-16 16:29:39,998: WARNING/ForkPoolWorker-31] {'name': 'GG Pridestalkr', 'id': '105576833572820346', 'pick': 'Qiyana', 'role': 'jungle', 'teamId': '99294153824386385', 'kills': 3, 'deaths': 2, 'assists': 1, 'cs': 212, 'wardsKilled': 2, 'wardsPlaced': 4, 'cs15': 129, 'firstBlood': 1, 'firstTower': 1, 'towers': 2, 'firstDragon': 0, 'firstBaron': 0, 'dragons': [], 'solo': 0, 'barons': 0, 'soul': 0, 'elder': 0}
[2022-06-16 16:29:39,999: WARNING/ForkPoolWorker-31] {'name': 'GG Ablazeolive', 'id': '99101098206728963', 'pick': 'Viktor', 'role': 'mid', 'teamId': '99294153824386385', 'kills': 1, 'deaths': 2, 'assists': 0, 'cs': 245, 'wardsKilled': 2, 'wardsPlaced': 13, 'cs15': 151, 'firstBlood': 0, 'firstTower': 1, 'towers': 2, 'firstDragon': 0, 'firstBaron': 0, 'dragons': [], 'solo': 0, 'barons': 0, 'soul': 0, 'elder': 0}
[2022-06-16 16:29:39,999: WARNING/ForkPoolWorker-31] {'name': 'GG Lost', 'id': '99322400853596994', 'pick': 'Jhin', 'role': 'bottom', 'teamId': '99294153824386385', 'kills': 0, 'deaths': 1, 'assists': 1, 'cs': 227, 'wardsKilled': 4, 'wardsPlaced': 11, 'cs15': 124, 'firstBlood': 0, 'firstTower': 1, 'towers': 2, 'firstDragon': 0, 'firstBaron': 0, 'dragons': [], 'solo': 0, 'barons': 0, 'soul': 0, 'elder': 0}
[2022-06-16 16:29:40,000: WARNING/ForkPoolWorker-31] {'name': 'GG Olleh', 'id': '98767991811074372', 'pick': 'Yuumi', 'role': 'support', 'teamId': '99294153824386385', 'kills': 0, 'deaths': 2, 'assists': 3, 'cs': 9, 'wardsKilled': 8, 'wardsPlaced': 37, 'cs15': 4, 'firstBlood': 0, 'firstTower': 1, 'towers': 2, 'firstDragon': 0, 'firstBaron': 0, 'dragons': [], 'solo': 0, 'barons': 0, 'soul': 0, 'elder': 0}
[2022-06-16 16:29:40,000: WARNING/ForkPoolWorker-31] {'name': 'C9 Summit', 'id': '99566404538979273', 'pick': 'Gnar', 'role': 'top', 'teamId': '98767991877340524', 'kills': 2, 'deaths': 2, 'assists': 0, 'cs': 236, 'wardsKilled': 6, 'wardsPlaced': 10, 'cs15': 144, 'firstBlood': 0, 'firstTower': 0, 'towers': 7, 'firstDragon': 1, 'firstBaron': 1, 'dragons': ['cloud', 'mountain', 'ocean', 'ocean'], 'solo': 1, 'barons': 1, 'soul': 1, 'elder': 0}
[2022-06-16 16:29:40,001: WARNING/ForkPoolWorker-31] {'name': 'C9 Blaber', 'id': '99101098218071815', 'pick': 'Gwen', 'role': 'jungle', 'teamId': '98767991877340524', 'kills': 4, 'deaths': 0, 'assists': 2, 'cs': 250, 'wardsKilled': 14, 'wardsPlaced': 8, 'cs15': 133, 'firstBlood': 0, 'firstTower': 0, 'towers': 7, 'firstDragon': 1, 'firstBaron': 1, 'dragons': ['cloud', 'mountain', 'ocean', 'ocean'], 'solo': 1, 'barons': 1, 'soul': 1, 'elder': 0}
[2022-06-16 16:29:40,001: WARNING/ForkPoolWorker-31] {'name': 'C9 Fudge', 'id': '102206337829139149', 'pick': 'Ivern', 'role': 'mid', 'teamId': '98767991877340524', 'kills': 1, 'deaths': 1, 'assists': 6, 'cs': 189, 'wardsKilled': 5, 'wardsPlaced': 9, 'cs15': 135, 'firstBlood': 0, 'firstTower': 0, 'towers': 7, 'firstDragon': 1, 'firstBaron': 1, 'dragons': ['cloud', 'mountain', 'ocean', 'ocean'], 'solo': 0, 'barons': 1, 'soul': 1, 'elder': 0}
[2022-06-16 16:29:40,002: WARNING/ForkPoolWorker-31] {'name': 'C9 Berserker', 'id': '105388936922706146', 'pick': 'Aphelios', 'role': 'bottom', 'teamId': '98767991877340524', 'kills': 2, 'deaths': 0, 'assists': 3, 'cs': 241, 'wardsKilled': 4, 'wardsPlaced': 10, 'cs15': 144, 'firstBlood': 0, 'firstTower': 0, 'towers': 7, 'firstDragon': 1, 'firstBaron': 1, 'dragons': ['cloud', 'mountain', 'ocean', 'ocean'], 'solo': 0, 'barons': 1, 'soul': 1, 'elder': 0}
[2022-06-16 16:29:40,002: WARNING/ForkPoolWorker-31] {'name': 'C9 Winsome', 'id': '107424739201710992', 'pick': 'Sona', 'role': 'support', 'teamId': '98767991877340524', 'kills': 1, 'deaths': 1, 'assists': 6, 'cs': 8, 'wardsKilled': 3, 'wardsPlaced': 31, 'cs15': 4, 'firstBlood': 0, 'firstTower': 0, 'towers': 7, 'firstDragon': 1, 'firstBaron': 1, 'dragons': ['cloud', 'mountain', 'ocean', 'ocean'], 'solo': 0, 'barons': 1, 'soul': 1, 'elder': 0}
[2022-06-16 16:29:40,005: INFO/ForkPoolWorker-31] Task background_scrape[036dcb97-2f27-4c53-b6ae-19e873a4b394] succeeded in 179.09137584199925s: [{'name': 'GG Licorice', 'id': '98926509838831804', 'pick': 'Renekton', 'role': 'top', 'teamId': '99294153824386385', 'kills': 0, 'deaths': 3, 'assists': 2, 'cs': 189, 'wardsKilled': 6, 'wardsPlaced': 13, 'cs15': 108, 'firstBlood': 1, 'firstTower': 1, 'towers': 2, 'firstDragon': 0, 'firstBaron': 0, 'dragons': [], 'solo': 0, 'barons': 0, 'soul': 0, 'elder': 0}, {'name': 'GG Pridestalkr', 'id': '105576833572820346', 'pick': 'Qiyana', 'role': 'jungle', 'teamId': '99294153824386385', 'kills': 3, 'deaths': 2, 'assists': 1, 'cs': 212, 'wardsKilled': 2, 'wardsPlaced': 4, 'cs15': 129, 'firstBlood': 1, 'firstTower': 1, 'towers': 2, 'firstDragon': 0, 'firstBaron': 0, 'dragons': [], 'solo': 0, 'barons': 0, 'soul': 0, 'elder': 0}, {'name': 'GG Ablazeolive', 'id': '99101098206728963', 'pick': 'Viktor', 'role': 'mid', 'teamId': '99294153824386385', 'kills': 1, 'deaths': 2, 'assists': 0, 'cs': 245, 'wardsKilled': 2, 'wardsPlaced': 13, 'cs15': 151, 'firstBlood': 0, 'firstTower': 1, 'towers': 2, 'firstDragon': 0, 'firstBaron', ...}]
[2022-06-16 16:29:57,576: WARNING/ForkPoolWorker-6] {'name': 'IMT Revenge', 'id': '103478281372021286', 'pick': 'Graves', 'role': 'top', 'teamId': '98767991930907107', 'kills': 0, 'deaths': 4, 'assists': 1, 'cs': 249, 'wardsKilled': 2, 'wardsPlaced': 10, 'cs15': 137, 'firstBlood': 0, 'firstTower': 0, 'towers': 2, 'firstDragon': 0, 'firstBaron': 0, 'dragons': ['mountain'], 'solo': 0, 'barons': 0, 'soul': 0, 'elder': 0}
[2022-06-16 16:29:57,577: WARNING/ForkPoolWorker-6] {'name': 'IMT Xerxe', 'id': '99322214660829968', 'pick': 'Qiyana', 'role': 'jungle', 'teamId': '98767991930907107', 'kills': 2, 'deaths': 2, 'assists': 3, 'cs': 175, 'wardsKilled': 14, 'wardsPlaced': 12, 'cs15': 110, 'firstBlood': 0, 'firstTower': 0, 'towers': 2, 'firstDragon': 0, 'firstBaron': 0, 'dragons': ['mountain'], 'solo': 0, 'barons': 0, 'soul': 0, 'elder': 0}
[2022-06-16 16:29:57,577: WARNING/ForkPoolWorker-6] {'name': 'IMT PowerOfEvil', 'id': '98767991776374577', 'pick': 'Viktor', 'role': 'mid', 'teamId': '98767991930907107', 'kills': 1, 'deaths': 4, 'assists': 1, 'cs': 259, 'wardsKilled': 2, 'wardsPlaced': 12, 'cs15': 145, 'firstBlood': 0, 'firstTower': 0, 'towers': 2, 'firstDragon': 0, 'firstBaron': 0, 'dragons': ['mountain'], 'solo': 0, 'barons': 0, 'soul': 0, 'elder': 0}
[2022-06-16 16:29:57,578: WARNING/ForkPoolWorker-6] {'name': 'IMT WildTurtle', 'id': '98926509745704018', 'pick': 'Aphelios', 'role': 'bottom', 'teamId': '98767991930907107', 'kills': 3, 'deaths': 6, 'assists': 2, 'cs': 226, 'wardsKilled': 4, 'wardsPlaced': 12, 'cs15': 113, 'firstBlood': 0, 'firstTower': 0, 'towers': 2, 'firstDragon': 0, 'firstBaron': 0, 'dragons': ['mountain'], 'solo': 0, 'barons': 0, 'soul': 0, 'elder': 0}
[2022-06-16 16:29:57,578: WARNING/ForkPoolWorker-6] {'name': 'IMT Destiny', 'id': '98767975935156907', 'pick': 'Nautilus', 'role': 'support', 'teamId': '98767991930907107', 'kills': 0, 'deaths': 4, 'assists': 6, 'cs': 31, 'wardsKilled': 8, 'wardsPlaced': 50, 'cs15': 22, 'firstBlood': 0, 'firstTower': 0, 'towers': 2, 'firstDragon': 0, 'firstBaron': 0, 'dragons': ['mountain'], 'solo': 0, 'barons': 0, 'soul': 0, 'elder': 0}
[2022-06-16 16:29:57,578: WARNING/ForkPoolWorker-6] {'name': 'TL Bwipo', 'id': '99322214662601038', 'pick': 'Tryndamere', 'role': 'top', 'teamId': '98926509885559666', 'kills': 5, 'deaths': 0, 'assists': 1, 'cs': 351, 'wardsKilled': 8, 'wardsPlaced': 11, 'cs15': 159, 'firstBlood': 0, 'firstTower': 1, 'towers': 10, 'firstDragon': 1, 'firstBaron': 1, 'dragons': ['infernal', 'hextech', 'mountain'], 'solo': 0, 'barons': 1, 'soul': 0, 'elder': 0}
[2022-06-16 16:29:57,579: WARNING/ForkPoolWorker-6] {'name': 'TL Santorin', 'id': '98926509766240677', 'pick': 'XinZhao', 'role': 'jungle', 'teamId': '98926509885559666', 'kills': 8, 'deaths': 2, 'assists': 11, 'cs': 174, 'wardsKilled': 13, 'wardsPlaced': 7, 'cs15': 106, 'firstBlood': 1, 'firstTower': 1, 'towers': 10, 'firstDragon': 1, 'firstBaron': 1, 'dragons': ['infernal', 'hextech', 'mountain'], 'solo': 0, 'barons': 1, 'soul': 0, 'elder': 0}
[2022-06-16 16:29:57,579: WARNING/ForkPoolWorker-6] {'name': 'TL Bjergsen', 'id': '98767991748917187', 'pick': 'Zilean', 'role': 'mid', 'teamId': '98926509885559666', 'kills': 1, 'deaths': 0, 'assists': 14, 'cs': 243, 'wardsKilled': 3, 'wardsPlaced': 12, 'cs15': 133, 'firstBlood': 0, 'firstTower': 1, 'towers': 10, 'firstDragon': 1, 'firstBaron': 1, 'dragons': ['infernal', 'hextech', 'mountain'], 'solo': 0, 'barons': 1, 'soul': 0, 'elder': 0}
[2022-06-16 16:29:57,579: WARNING/ForkPoolWorker-6] {'name': 'TL Hans sama', 'id': '98767975961872793', 'pick': 'Jinx', 'role': 'bottom', 'teamId': '98926509885559666', 'kills': 5, 'deaths': 2, 'assists': 8, 'cs': 265, 'wardsKilled': 11, 'wardsPlaced': 14, 'cs15': 138, 'firstBlood': 1, 'firstTower': 1, 'towers': 10, 'firstDragon': 1, 'firstBaron': 1, 'dragons': ['infernal', 'hextech', 'mountain'], 'solo': 0, 'barons': 1, 'soul': 0, 'elder': 0}
[2022-06-16 16:29:57,580: WARNING/ForkPoolWorker-6] {'name': 'TL Eyla', 'id': '101383792840788117', 'pick': 'Thresh', 'role': 'support', 'teamId': '98926509885559666', 'kills': 1, 'deaths': 2, 'assists': 11, 'cs': 41, 'wardsKilled': 13, 'wardsPlaced': 39, 'cs15': 25, 'firstBlood': 1, 'firstTower': 1, 'towers': 10, 'firstDragon': 1, 'firstBaron': 1, 'dragons': ['infernal', 'hextech', 'mountain'], 'solo': 0, 'barons': 1, 'soul': 0, 'elder': 0}
[2022-06-16 16:29:57,582: INFO/ForkPoolWorker-6] Task background_scrape[a28de093-f1f0-4b3a-a0ec-3d56b27014d2] succeeded in 194.77072955699987s: [{'name': 'IMT Revenge', 'id': '103478281372021286', 'pick': 'Graves', 'role': 'top', 'teamId': '98767991930907107', 'kills': 0, 'deaths': 4, 'assists': 1, 'cs': 249, 'wardsKilled': 2, 'wardsPlaced': 10, 'cs15': 137, 'firstBlood': 0, 'firstTower': 0, 'towers': 2, 'firstDragon': 0, 'firstBaron': 0, 'dragons': ['mountain'], 'solo': 0, 'barons': 0, 'soul': 0, 'elder': 0}, {'name': 'IMT Xerxe', 'id': '99322214660829968', 'pick': 'Qiyana', 'role': 'jungle', 'teamId': '98767991930907107', 'kills': 2, 'deaths': 2, 'assists': 3, 'cs': 175, 'wardsKilled': 14, 'wardsPlaced': 12, 'cs15': 110, 'firstBlood': 0, 'firstTower': 0, 'towers': 2, 'firstDragon': 0, 'firstBaron': 0, 'dragons': ['mountain'], 'solo': 0, 'barons': 0, 'soul': 0, 'elder': 0}, {'name': 'IMT PowerOfEvil', 'id': '98767991776374577', 'pick': 'Viktor', 'role': 'mid', 'teamId': '98767991930907107', 'kills': 1, 'deaths': 4, 'assists': 1, 'cs': 259, 'wardsKilled': 2, 'wardsPlaced': 12, 'cs15': 145, 'firstBlood': 0, 'firstTower': 0, 'towers': 2, 'firstDragon': , ...}]
[2022-06-16 16:30:08,505: WARNING/ForkPoolWorker-2] {'name': '100 Ssumday', 'id': '98926509785257793', 'pick': 'Gwen', 'role': 'top', 'teamId': '99294153828264740', 'kills': 5, 'deaths': 0, 'assists': 7, 'cs': 239, 'wardsKilled': 6, 'wardsPlaced': 9, 'cs15': 109, 'firstBlood': 0, 'firstTower': 1, 'towers': 9, 'firstDragon': 1, 'firstBaron': 1, 'dragons': ['mountain', 'ocean', 'ocean', 'ocean'], 'solo': 1, 'barons': 2, 'soul': 1, 'elder': 0}
[2022-06-16 16:30:08,505: WARNING/ForkPoolWorker-2] {'name': '100 Closer', 'id': '99603798169593745', 'pick': 'XinZhao', 'role': 'jungle', 'teamId': '99294153828264740', 'kills': 6, 'deaths': 1, 'assists': 9, 'cs': 222, 'wardsKilled': 7, 'wardsPlaced': 10, 'cs15': 108, 'firstBlood': 0, 'firstTower': 1, 'towers': 9, 'firstDragon': 1, 'firstBaron': 1, 'dragons': ['mountain', 'ocean', 'ocean', 'ocean'], 'solo': 0, 'barons': 2, 'soul': 1, 'elder': 0}
[2022-06-16 16:30:08,506: WARNING/ForkPoolWorker-2] {'name': '100 Abbedagge', 'id': '100174547541438669', 'pick': 'TwistedFate', 'role': 'mid', 'teamId': '99294153828264740', 'kills': 3, 'deaths': 3, 'assists': 8, 'cs': 239, 'wardsKilled': 6, 'wardsPlaced': 11, 'cs15': 133, 'firstBlood': 0, 'firstTower': 1, 'towers': 9, 'firstDragon': 1, 'firstBaron': 1, 'dragons': ['mountain', 'ocean', 'ocean', 'ocean'], 'solo': 0, 'barons': 2, 'soul': 1, 'elder': 0}
[2022-06-16 16:30:08,506: WARNING/ForkPoolWorker-2] {'name': '100 FBI', 'id': '99566406314527111', 'pick': 'Jhin', 'role': 'bottom', 'teamId': '99294153828264740', 'kills': 7, 'deaths': 1, 'assists': 12, 'cs': 301, 'wardsKilled': 6, 'wardsPlaced': 15, 'cs15': 150, 'firstBlood': 0, 'firstTower': 1, 'towers': 9, 'firstDragon': 1, 'firstBaron': 1, 'dragons': ['mountain', 'ocean', 'ocean', 'ocean'], 'solo': 2, 'barons': 2, 'soul': 1, 'elder': 0}
[2022-06-16 16:30:08,506: WARNING/ForkPoolWorker-2] {'name': '100 huhi', 'id': '98926509793730393', 'pick': 'Sett', 'role': 'support', 'teamId': '99294153828264740', 'kills': 4, 'deaths': 1, 'assists': 12, 'cs': 44, 'wardsKilled': 15, 'wardsPlaced': 48, 'cs15': 27, 'firstBlood': 0, 'firstTower': 1, 'towers': 9, 'firstDragon': 1, 'firstBaron': 1, 'dragons': ['mountain', 'ocean', 'ocean', 'ocean'], 'solo': 0, 'barons': 2, 'soul': 1, 'elder': 0}
[2022-06-16 16:30:08,507: WARNING/ForkPoolWorker-2] {'name': 'CLG Jenkins', 'id': '99322408711949607', 'pick': 'Kennen', 'role': 'top', 'teamId': '98926509884398584', 'kills': 1, 'deaths': 4, 'assists': 3, 'cs': 254, 'wardsKilled': 3, 'wardsPlaced': 9, 'cs15': 145, 'firstBlood': 0, 'firstTower': 0, 'towers': 1, 'firstDragon': 0, 'firstBaron': 0, 'dragons': ['infernal'], 'solo': 0, 'barons': 0, 'soul': 0, 'elder': 0}
[2022-06-16 16:30:08,507: WARNING/ForkPoolWorker-2] {'name': 'CLG Contractz', 'id': '98767975969375854', 'pick': 'Diana', 'role': 'jungle', 'teamId': '98926509884398584', 'kills': 1, 'deaths': 8, 'assists': 3, 'cs': 159, 'wardsKilled': 10, 'wardsPlaced': 15, 'cs15': 104, 'firstBlood': 1, 'firstTower': 0, 'towers': 1, 'firstDragon': 0, 'firstBaron': 0, 'dragons': ['infernal'], 'solo': 0, 'barons': 0, 'soul': 0, 'elder': 0}
[2022-06-16 16:30:08,508: WARNING/ForkPoolWorker-2] {'name': 'CLG Palafox', 'id': '99101098225032611', 'pick': 'Yasuo', 'role': 'mid', 'teamId': '98926509884398584', 'kills': 4, 'deaths': 5, 'assists': 2, 'cs': 269, 'wardsKilled': 3, 'wardsPlaced': 15, 'cs15': 148, 'firstBlood': 1, 'firstTower': 0, 'towers': 1, 'firstDragon': 0, 'firstBaron': 0, 'dragons': ['infernal'], 'solo': 0, 'barons': 0, 'soul': 0, 'elder': 0}
[2022-06-16 16:30:08,508: WARNING/ForkPoolWorker-2] {'name': 'CLG Luger', 'id': '99566405664329447', 'pick': 'Jinx', 'role': 'bottom', 'teamId': '98926509884398584', 'kills': 0, 'deaths': 3, 'assists': 1, 'cs': 306, 'wardsKilled': 11, 'wardsPlaced': 9, 'cs15': 132, 'firstBlood': 0, 'firstTower': 0, 'towers': 1, 'firstDragon': 0, 'firstBaron': 0, 'dragons': ['infernal'], 'solo': 0, 'barons': 0, 'soul': 0, 'elder': 0}
[2022-06-16 16:30:08,508: WARNING/ForkPoolWorker-2] {'name': 'CLG Poome', 'id': '104321223175760818', 'pick': 'Lulu', 'role': 'support', 'teamId': '98926509884398584', 'kills': 0, 'deaths': 5, 'assists': 4, 'cs': 14, 'wardsKilled': 9, 'wardsPlaced': 38, 'cs15': 4, 'firstBlood': 0, 'firstTower': 0, 'towers': 1, 'firstDragon': 0, 'firstBaron': 0, 'dragons': ['infernal'], 'solo': 0, 'barons': 0, 'soul': 0, 'elder': 0}
[2022-06-16 16:30:08,511: INFO/ForkPoolWorker-2] Task background_scrape[55652933-1380-4f96-81ee-25db97745485] succeeded in 206.84230305699748s: [{'name': '100 Ssumday', 'id': '98926509785257793', 'pick': 'Gwen', 'role': 'top', 'teamId': '99294153828264740', 'kills': 5, 'deaths': 0, 'assists': 7, 'cs': 239, 'wardsKilled': 6, 'wardsPlaced': 9, 'cs15': 109, 'firstBlood': 0, 'firstTower': 1, 'towers': 9, 'firstDragon': 1, 'firstBaron': 1, 'dragons': ['mountain', 'ocean', 'ocean', 'ocean'], 'solo': 1, 'barons': 2, 'soul': 1, 'elder': 0}, {'name': '100 Closer', 'id': '99603798169593745', 'pick': 'XinZhao', 'role': 'jungle', 'teamId': '99294153828264740', 'kills': 6, 'deaths': 1, 'assists': 9, 'cs': 222, 'wardsKilled': 7, 'wardsPlaced': 10, 'cs15': 108, 'firstBlood': 0, 'firstTower': 1, 'towers': 9, 'firstDragon': 1, 'firstBaron': 1, 'dragons': ['mountain', 'ocean', 'ocean', 'ocean'], 'solo': 0, 'barons': 2, 'soul': 1, 'elder': 0}, {'name': '100 Abbedagge', 'id': '100174547541438669', 'pick': 'TwistedFate', 'role': 'mid', 'teamId': '99294153828264740', 'kills': 3, 'deaths': 3, 'assists': 8, 'cs': 239, 'wardsKilled': 6, 'wardsPlaced': 11, 'cs15': 133, 'firstB...', ...}]
[2022-06-16 16:30:22,375: WARNING/ForkPoolWorker-5] {'name': 'FLY Kumo', 'id': '99322534298200420', 'pick': 'Karma', 'role': 'top', 'teamId': '98926509892121852', 'kills': 0, 'deaths': 1, 'assists': 14, 'cs': 60, 'wardsKilled': 15, 'wardsPlaced': 44, 'cs15': 35, 'firstBlood': 1, 'firstTower': 0, 'towers': 7, 'firstDragon': 1, 'firstBaron': 0, 'dragons': ['infernal', 'hextech', 'ocean'], 'solo': 0, 'barons': 1, 'soul': 0, 'elder': 0}
[2022-06-16 16:30:22,376: WARNING/ForkPoolWorker-5] {'name': 'FLY Josedeodo', 'id': '99566408350815597', 'pick': 'LeeSin', 'role': 'jungle', 'teamId': '98926509892121852', 'kills': 2, 'deaths': 2, 'assists': 9, 'cs': 213, 'wardsKilled': 12, 'wardsPlaced': 20, 'cs15': 85, 'firstBlood': 1, 'firstTower': 0, 'towers': 7, 'firstDragon': 1, 'firstBaron': 0, 'dragons': ['infernal', 'hextech', 'ocean'], 'solo': 0, 'barons': 1, 'soul': 0, 'elder': 0}
[2022-06-16 16:30:22,377: WARNING/ForkPoolWorker-5] {'name': 'FLY toucouille', 'id': '103935318111841563', 'pick': 'Vex', 'role': 'mid', 'teamId': '98926509892121852', 'kills': 4, 'deaths': 2, 'assists': 5, 'cs': 280, 'wardsKilled': 7, 'wardsPlaced': 11, 'cs15': 133, 'firstBlood': 0, 'firstTower': 0, 'towers': 7, 'firstDragon': 1, 'firstBaron': 0, 'dragons': ['infernal', 'hextech', 'ocean'], 'solo': 0, 'barons': 1, 'soul': 0, 'elder': 0}
[2022-06-16 16:30:22,377: WARNING/ForkPoolWorker-5] {'name': 'FLY Johnsun', 'id': '103461966875625344', 'pick': 'Jinx', 'role': 'bottom', 'teamId': '98926509892121852', 'kills': 7, 'deaths': 1, 'assists': 6, 'cs': 381, 'wardsKilled': 18, 'wardsPlaced': 15, 'cs15': 157, 'firstBlood': 1, 'firstTower': 0, 'towers': 7, 'firstDragon': 1, 'firstBaron': 0, 'dragons': ['infernal', 'hextech', 'ocean'], 'solo': 0, 'barons': 1, 'soul': 0, 'elder': 0}
[2022-06-16 16:30:22,378: WARNING/ForkPoolWorker-5] {'name': 'FLY aphromoo', 'id': '98926509759999764', 'pick': 'Braum', 'role': 'support', 'teamId': '98926509892121852', 'kills': 1, 'deaths': 2, 'assists': 13, 'cs': 44, 'wardsKilled': 12, 'wardsPlaced': 44, 'cs15': 25, 'firstBlood': 1, 'firstTower': 0, 'towers': 7, 'firstDragon': 1, 'firstBaron': 0, 'dragons': ['infernal', 'hextech', 'ocean'], 'solo': 0, 'barons': 1, 'soul': 0, 'elder': 0}
[2022-06-16 16:30:22,378: WARNING/ForkPoolWorker-5] {'name': 'GG Licorice', 'id': '98926509838831804', 'pick': 'Gwen', 'role': 'top', 'teamId': '99294153824386385', 'kills': 4, 'deaths': 3, 'assists': 4, 'cs': 253, 'wardsKilled': 12, 'wardsPlaced': 17, 'cs15': 118, 'firstBlood': 0, 'firstTower': 1, 'towers': 6, 'firstDragon': 0, 'firstBaron': 1, 'dragons': ['ocean', 'ocean'], 'solo': 1, 'barons': 1, 'soul': 0, 'elder': 0}
[2022-06-16 16:30:22,379: WARNING/ForkPoolWorker-5] {'name': 'GG Pridestalkr', 'id': '105576833572820346', 'pick': 'Zed', 'role': 'jungle', 'teamId': '99294153824386385', 'kills': 2, 'deaths': 2, 'assists': 1, 'cs': 243, 'wardsKilled': 2, 'wardsPlaced': 6, 'cs15': 106, 'firstBlood': 0, 'firstTower': 1, 'towers': 6, 'firstDragon': 0, 'firstBaron': 1, 'dragons': ['ocean', 'ocean'], 'solo': 0, 'barons': 1, 'soul': 0, 'elder': 0}
[2022-06-16 16:30:22,380: WARNING/ForkPoolWorker-5] {'name': 'GG Ablazeolive', 'id': '99101098206728963', 'pick': 'Corki', 'role': 'mid', 'teamId': '99294153824386385', 'kills': 1, 'deaths': 3, 'assists': 6, 'cs': 283, 'wardsKilled': 7, 'wardsPlaced': 18, 'cs15': 155, 'firstBlood': 0, 'firstTower': 1, 'towers': 6, 'firstDragon': 0, 'firstBaron': 1, 'dragons': ['ocean', 'ocean'], 'solo': 0, 'barons': 1, 'soul': 0, 'elder': 0}
[2022-06-16 16:30:22,380: WARNING/ForkPoolWorker-5] {'name': 'GG Lost', 'id': '99322400853596994', 'pick': 'Aphelios', 'role': 'bottom', 'teamId': '99294153824386385', 'kills': 1, 'deaths': 3, 'assists': 5, 'cs': 226, 'wardsKilled': 14, 'wardsPlaced': 17, 'cs15': 104, 'firstBlood': 0, 'firstTower': 1, 'towers': 6, 'firstDragon': 0, 'firstBaron': 1, 'dragons': ['ocean', 'ocean'], 'solo': 0, 'barons': 1, 'soul': 0, 'elder': 0}
[2022-06-16 16:30:22,381: WARNING/ForkPoolWorker-5] {'name': 'GG Olleh', 'id': '98767991811074372', 'pick': 'Rakan', 'role': 'support', 'teamId': '99294153824386385', 'kills': 0, 'deaths': 3, 'assists': 6, 'cs': 50, 'wardsKilled': 19, 'wardsPlaced': 54, 'cs15': 29, 'firstBlood': 0, 'firstTower': 1, 'towers': 6, 'firstDragon': 0, 'firstBaron': 1, 'dragons': ['ocean', 'ocean'], 'solo': 0, 'barons': 1, 'soul': 0, 'elder': 0}
[2022-06-16 16:30:22,384: INFO/ForkPoolWorker-5] Task background_scrape[ee76cdbd-8be2-47df-a275-0323c73ce25f] succeeded in 219.8641808809989s: [{'name': 'FLY Kumo', 'id': '99322534298200420', 'pick': 'Karma', 'role': 'top', 'teamId': '98926509892121852', 'kills': 0, 'deaths': 1, 'assists': 14, 'cs': 60, 'wardsKilled': 15, 'wardsPlaced': 44, 'cs15': 35, 'firstBlood': 1, 'firstTower': 0, 'towers': 7, 'firstDragon': 1, 'firstBaron': 0, 'dragons': ['infernal', 'hextech', 'ocean'], 'solo': 0, 'barons': 1, 'soul': 0, 'elder': 0}, {'name': 'FLY Josedeodo', 'id': '99566408350815597', 'pick': 'LeeSin', 'role': 'jungle', 'teamId': '98926509892121852', 'kills': 2, 'deaths': 2, 'assists': 9, 'cs': 213, 'wardsKilled': 12, 'wardsPlaced': 20, 'cs15': 85, 'firstBlood': 1, 'firstTower': 0, 'towers': 7, 'firstDragon': 1, 'firstBaron': 0, 'dragons': ['infernal', 'hextech', 'ocean'], 'solo': 0, 'barons': 1, 'soul': 0, 'elder': 0}, {'name': 'FLY toucouille', 'id': '103935318111841563', 'pick': 'Vex', 'role': 'mid', 'teamId': '98926509892121852', 'kills': 4, 'deaths': 2, 'assists': 5, 'cs': 280, 'wardsKilled': 7, 'wardsPlaced': 11, 'cs15': 133, 'firstBlood': 0, 'firstTowe...', ...}]
[2022-06-16 16:30:26,173: WARNING/ForkPoolWorker-3] {'name': 'EG Impact', 'id': '98767991746528652', 'pick': 'Gwen', 'role': 'top', 'teamId': '103461966951059521', 'kills': 2, 'deaths': 2, 'assists': 3, 'cs': 278, 'wardsKilled': 7, 'wardsPlaced': 14, 'cs15': 134, 'firstBlood': 0, 'firstTower': 1, 'towers': 9, 'firstDragon': 1, 'firstBaron': 1, 'dragons': ['hextech', 'mountain', 'ocean', 'ocean'], 'solo': 0, 'barons': 1, 'soul': 1, 'elder': 0}
[2022-06-16 16:30:26,174: WARNING/ForkPoolWorker-3] {'name': 'EG Inspired', 'id': '101389713966873995', 'pick': 'JarvanIV', 'role': 'jungle', 'teamId': '103461966951059521', 'kills': 1, 'deaths': 0, 'assists': 11, 'cs': 223, 'wardsKilled': 12, 'wardsPlaced': 11, 'cs15': 105, 'firstBlood': 0, 'firstTower': 1, 'towers': 9, 'firstDragon': 1, 'firstBaron': 1, 'dragons': ['hextech', 'mountain', 'ocean', 'ocean'], 'solo': 0, 'barons': 1, 'soul': 1, 'elder': 0}
[2022-06-16 16:30:26,174: WARNING/ForkPoolWorker-3] {'name': 'EG jojopyun', 'id': '105504920899018806', 'pick': 'Ryze', 'role': 'mid', 'teamId': '103461966951059521', 'kills': 3, 'deaths': 3, 'assists': 7, 'cs': 334, 'wardsKilled': 5, 'wardsPlaced': 7, 'cs15': 175, 'firstBlood': 0, 'firstTower': 1, 'towers': 9, 'firstDragon': 1, 'firstBaron': 1, 'dragons': ['hextech', 'mountain', 'ocean', 'ocean'], 'solo': 0, 'barons': 1, 'soul': 1, 'elder': 0}
[2022-06-16 16:30:26,174: WARNING/ForkPoolWorker-3] {'name': 'EG Danny', 'id': '105913361921383562', 'pick': 'Zeri', 'role': 'bottom', 'teamId': '103461966951059521', 'kills': 7, 'deaths': 1, 'assists': 4, 'cs': 382, 'wardsKilled': 19, 'wardsPlaced': 13, 'cs15': 155, 'firstBlood': 0, 'firstTower': 1, 'towers': 9, 'firstDragon': 1, 'firstBaron': 1, 'dragons': ['hextech', 'mountain', 'ocean', 'ocean'], 'solo': 0, 'barons': 1, 'soul': 1, 'elder': 0}
[2022-06-16 16:30:26,175: WARNING/ForkPoolWorker-3] {'name': 'EG Vulcan', 'id': '99101098208825497', 'pick': 'Leona', 'role': 'support', 'teamId': '103461966951059521', 'kills': 0, 'deaths': 1, 'assists': 11, 'cs': 52, 'wardsKilled': 25, 'wardsPlaced': 58, 'cs15': 34, 'firstBlood': 0, 'firstTower': 1, 'towers': 9, 'firstDragon': 1, 'firstBaron': 1, 'dragons': ['hextech', 'mountain', 'ocean', 'ocean'], 'solo': 0, 'barons': 1, 'soul': 1, 'elder': 0}
[2022-06-16 16:30:26,175: WARNING/ForkPoolWorker-3] {'name': 'TSM Huni', 'id': '98767991783220297', 'pick': 'Jayce', 'role': 'top', 'teamId': '98767991860392497', 'kills': 2, 'deaths': 3, 'assists': 1, 'cs': 343, 'wardsKilled': 4, 'wardsPlaced': 15, 'cs15': 146, 'firstBlood': 0, 'firstTower': 0, 'towers': 4, 'firstDragon': 0, 'firstBaron': 0, 'dragons': [], 'solo': 0, 'barons': 0, 'soul': 0, 'elder': 0}
[2022-06-16 16:30:26,176: WARNING/ForkPoolWorker-3] {'name': 'TSM Spica', 'id': '99101098220080545', 'pick': 'Poppy', 'role': 'jungle', 'teamId': '98767991860392497', 'kills': 0, 'deaths': 3, 'assists': 5, 'cs': 177, 'wardsKilled': 10, 'wardsPlaced': 12, 'cs15': 102, 'firstBlood': 0, 'firstTower': 0, 'towers': 4, 'firstDragon': 0, 'firstBaron': 0, 'dragons': [], 'solo': 0, 'barons': 0, 'soul': 0, 'elder': 0}
[2022-06-16 16:30:26,176: WARNING/ForkPoolWorker-3] {'name': 'TSM Keaiduo', 'id': '107425318703741313', 'pick': 'Viktor', 'role': 'mid', 'teamId': '98767991860392497', 'kills': 4, 'deaths': 1, 'assists': 0, 'cs': 312, 'wardsKilled': 11, 'wardsPlaced': 18, 'cs15': 155, 'firstBlood': 0, 'firstTower': 0, 'towers': 4, 'firstDragon': 0, 'firstBaron': 0, 'dragons': [], 'solo': 1, 'barons': 0, 'soul': 0, 'elder': 0}
[2022-06-16 16:30:26,176: WARNING/ForkPoolWorker-3] {'name': 'TSM Tactical', 'id': '101383793877071109', 'pick': 'Senna', 'role': 'bottom', 'teamId': '98767991860392497', 'kills': 0, 'deaths': 3, 'assists': 2, 'cs': 247, 'wardsKilled': 5, 'wardsPlaced': 16, 'cs15': 105, 'firstBlood': 1, 'firstTower': 0, 'towers': 4, 'firstDragon': 0, 'firstBaron': 0, 'dragons': [], 'solo': 0, 'barons': 0, 'soul': 0, 'elder': 0}
[2022-06-16 16:30:26,177: WARNING/ForkPoolWorker-3] {'name': 'TSM Shenyi', 'id': '106891315759869053', 'pick': 'Rell', 'role': 'support', 'teamId': '98767991860392497', 'kills': 1, 'deaths': 3, 'assists': 2, 'cs': 39, 'wardsKilled': 16, 'wardsPlaced': 65, 'cs15': 20, 'firstBlood': 1, 'firstTower': 0, 'towers': 4, 'firstDragon': 0, 'firstBaron': 0, 'dragons': [], 'solo': 0, 'barons': 0, 'soul': 0, 'elder': 0}
[2022-06-16 16:30:26,179: INFO/ForkPoolWorker-3] Task background_scrape[a181d7f6-211f-4bc1-b5ec-aaddbb0f647d] succeeded in 224.21394161599892s: [{'name': 'EG Impact', 'id': '98767991746528652', 'pick': 'Gwen', 'role': 'top', 'teamId': '103461966951059521', 'kills': 2, 'deaths': 2, 'assists': 3, 'cs': 278, 'wardsKilled': 7, 'wardsPlaced': 14, 'cs15': 134, 'firstBlood': 0, 'firstTower': 1, 'towers': 9, 'firstDragon': 1, 'firstBaron': 1, 'dragons': ['hextech', 'mountain', 'ocean', 'ocean'], 'solo': 0, 'barons': 1, 'soul': 1, 'elder': 0}, {'name': 'EG Inspired', 'id': '101389713966873995', 'pick': 'JarvanIV', 'role': 'jungle', 'teamId': '103461966951059521', 'kills': 1, 'deaths': 0, 'assists': 11, 'cs': 223, 'wardsKilled': 12, 'wardsPlaced': 11, 'cs15': 105, 'firstBlood': 0, 'firstTower': 1, 'towers': 9, 'firstDragon': 1, 'firstBaron': 1, 'dragons': ['hextech', 'mountain', 'ocean', 'ocean'], 'solo': 0, 'barons': 1, 'soul': 1, 'elder': 0}, {'name': 'EG jojopyun', 'id': '105504920899018806', 'pick': 'Ryze', 'role': 'mid', 'teamId': '103461966951059521', 'kills': 3, 'deaths': 3, 'assists': 7, 'cs': 334, 'wardsKilled': 5, 'wardsPlaced': 7, 'cs15': 175, 'first...', ...}]
[2022-06-16 16:31:00,417: WARNING/ForkPoolWorker-32] {'name': 'C9 Summit', 'id': '99566404538979273', 'pick': 'Camille', 'role': 'top', 'teamId': '98767991877340524', 'kills': 4, 'deaths': 5, 'assists': 6, 'cs': 353, 'wardsKilled': 19, 'wardsPlaced': 11, 'cs15': 103, 'firstBlood': 0, 'firstTower': 1, 'towers': 9, 'firstDragon': 1, 'firstBaron': 0, 'dragons': ['ocean', 'infernal', 'cloud', 'cloud'], 'solo': 0, 'barons': 1, 'soul': 1, 'elder': 0}
[2022-06-16 16:31:00,418: WARNING/ForkPoolWorker-32] {'name': 'C9 Blaber', 'id': '99101098218071815', 'pick': 'Olaf', 'role': 'jungle', 'teamId': '98767991877340524', 'kills': 5, 'deaths': 2, 'assists': 7, 'cs': 293, 'wardsKilled': 12, 'wardsPlaced': 7, 'cs15': 124, 'firstBlood': 0, 'firstTower': 1, 'towers': 9, 'firstDragon': 1, 'firstBaron': 0, 'dragons': ['ocean', 'infernal', 'cloud', 'cloud'], 'solo': 0, 'barons': 1, 'soul': 1, 'elder': 0}
[2022-06-16 16:31:00,418: WARNING/ForkPoolWorker-32] {'name': 'C9 Fudge', 'id': '102206337829139149', 'pick': 'Soraka', 'role': 'mid', 'teamId': '98767991877340524', 'kills': 0, 'deaths': 3, 'assists': 11, 'cs': 195, 'wardsKilled': 6, 'wardsPlaced': 15, 'cs15': 108, 'firstBlood': 0, 'firstTower': 1, 'towers': 9, 'firstDragon': 1, 'firstBaron': 0, 'dragons': ['ocean', 'infernal', 'cloud', 'cloud'], 'solo': 0, 'barons': 1, 'soul': 1, 'elder': 0}
[2022-06-16 16:31:00,418: WARNING/ForkPoolWorker-32] {'name': 'C9 Berserker', 'id': '105388936922706146', 'pick': 'Aphelios', 'role': 'bottom', 'teamId': '98767991877340524', 'kills': 8, 'deaths': 0, 'assists': 5, 'cs': 456, 'wardsKilled': 11, 'wardsPlaced': 17, 'cs15': 157, 'firstBlood': 0, 'firstTower': 1, 'towers': 9, 'firstDragon': 1, 'firstBaron': 0, 'dragons': ['ocean', 'infernal', 'cloud', 'cloud'], 'solo': 1, 'barons': 1, 'soul': 1, 'elder': 0}
[2022-06-16 16:31:00,419: WARNING/ForkPoolWorker-32] {'name': 'C9 Winsome', 'id': '107424739201710992', 'pick': 'Thresh', 'role': 'support', 'teamId': '98767991877340524', 'kills': 0, 'deaths': 1, 'assists': 14, 'cs': 37, 'wardsKilled': 13, 'wardsPlaced': 88, 'cs15': 24, 'firstBlood': 0, 'firstTower': 1, 'towers': 9, 'firstDragon': 1, 'firstBaron': 0, 'dragons': ['ocean', 'infernal', 'cloud', 'cloud'], 'solo': 0, 'barons': 1, 'soul': 1, 'elder': 0}
[2022-06-16 16:31:00,419: WARNING/ForkPoolWorker-32] {'name': 'EG Impact', 'id': '98767991746528652', 'pick': 'Tryndamere', 'role': 'top', 'teamId': '103461966951059521', 'kills': 8, 'deaths': 3, 'assists': 1, 'cs': 367, 'wardsKilled': 11, 'wardsPlaced': 16, 'cs15': 144, 'firstBlood': 1, 'firstTower': 0, 'towers': 2, 'firstDragon': 0, 'firstBaron': 1, 'dragons': ['elder'], 'solo': 1, 'barons': 1, 'soul': 0, 'elder': 0}
[2022-06-16 16:31:00,420: WARNING/ForkPoolWorker-32] {'name': 'EG Inspired', 'id': '101389713966873995', 'pick': 'XinZhao', 'role': 'jungle', 'teamId': '103461966951059521', 'kills': 2, 'deaths': 4, 'assists': 5, 'cs': 203, 'wardsKilled': 10, 'wardsPlaced': 8, 'cs15': 103, 'firstBlood': 1, 'firstTower': 0, 'towers': 2, 'firstDragon': 0, 'firstBaron': 1, 'dragons': ['elder'], 'solo': 1, 'barons': 1, 'soul': 0, 'elder': 0}
[2022-06-16 16:31:00,420: WARNING/ForkPoolWorker-32] {'name': 'EG jojopyun', 'id': '105504920899018806', 'pick': 'Viktor', 'role': 'mid', 'teamId': '103461966951059521', 'kills': 0, 'deaths': 5, 'assists': 4, 'cs': 292, 'wardsKilled': 2, 'wardsPlaced': 14, 'cs15': 133, 'firstBlood': 0, 'firstTower': 0, 'towers': 2, 'firstDragon': 0, 'firstBaron': 1, 'dragons': ['elder'], 'solo': 0, 'barons': 1, 'soul': 0, 'elder': 0}
[2022-06-16 16:31:00,420: WARNING/ForkPoolWorker-32] {'name': 'EG Danny', 'id': '105913361921383562', 'pick': 'Jinx', 'role': 'bottom', 'teamId': '103461966951059521', 'kills': 1, 'deaths': 2, 'assists': 2, 'cs': 393, 'wardsKilled': 19, 'wardsPlaced': 11, 'cs15': 148, 'firstBlood': 0, 'firstTower': 0, 'towers': 2, 'firstDragon': 0, 'firstBaron': 1, 'dragons': ['elder'], 'solo': 0, 'barons': 1, 'soul': 0, 'elder': 0}
[2022-06-16 16:31:00,421: WARNING/ForkPoolWorker-32] {'name': 'EG Vulcan', 'id': '99101098208825497', 'pick': 'Leona', 'role': 'support', 'teamId': '103461966951059521', 'kills': 0, 'deaths': 3, 'assists': 5, 'cs': 33, 'wardsKilled': 12, 'wardsPlaced': 76, 'cs15': 26, 'firstBlood': 0, 'firstTower': 0, 'towers': 2, 'firstDragon': 0, 'firstBaron': 1, 'dragons': ['elder'], 'solo': 0, 'barons': 1, 'soul': 0, 'elder': 0}
[2022-06-16 16:31:00,423: INFO/ForkPoolWorker-32] Task background_scrape[174c47eb-1990-4375-b112-87b2cb1c4e27] succeeded in 259.2740987549987s: [{'name': 'C9 Summit', 'id': '99566404538979273', 'pick': 'Camille', 'role': 'top', 'teamId': '98767991877340524', 'kills': 4, 'deaths': 5, 'assists': 6, 'cs': 353, 'wardsKilled': 19, 'wardsPlaced': 11, 'cs15': 103, 'firstBlood': 0, 'firstTower': 1, 'towers': 9, 'firstDragon': 1, 'firstBaron': 0, 'dragons': ['ocean', 'infernal', 'cloud', 'cloud'], 'solo': 0, 'barons': 1, 'soul': 1, 'elder': 0}, {'name': 'C9 Blaber', 'id': '99101098218071815', 'pick': 'Olaf', 'role': 'jungle', 'teamId': '98767991877340524', 'kills': 5, 'deaths': 2, 'assists': 7, 'cs': 293, 'wardsKilled': 12, 'wardsPlaced': 7, 'cs15': 124, 'firstBlood': 0, 'firstTower': 1, 'towers': 9, 'firstDragon': 1, 'firstBaron': 0, 'dragons': ['ocean', 'infernal', 'cloud', 'cloud'], 'solo': 0, 'barons': 1, 'soul': 1, 'elder': 0}, {'name': 'C9 Fudge', 'id': '102206337829139149', 'pick': 'Soraka', 'role': 'mid', 'teamId': '98767991877340524', 'kills': 0, 'deaths': 3, 'assists': 11, 'cs': 195, 'wardsKilled': 6, 'wardsPlaced': 15, 'cs15': 108, 'firstBlood': 0, , ...}]
[2022-06-16 16:31:09,345: WARNING/ForkPoolWorker-1] {'name': 'TL Bwipo', 'id': '99322214662601038', 'pick': 'Renekton', 'role': 'top', 'teamId': '98926509885559666', 'kills': 0, 'deaths': 3, 'assists': 1, 'cs': 409, 'wardsKilled': 11, 'wardsPlaced': 16, 'cs15': 146, 'firstBlood': 0, 'firstTower': 1, 'towers': 4, 'firstDragon': 1, 'firstBaron': 0, 'dragons': ['cloud', 'ocean'], 'solo': 0, 'barons': 0, 'soul': 0, 'elder': 0}
[2022-06-16 16:31:09,345: WARNING/ForkPoolWorker-1] {'name': 'TL Santorin', 'id': '98926509766240677', 'pick': 'JarvanIV', 'role': 'jungle', 'teamId': '98926509885559666', 'kills': 0, 'deaths': 3, 'assists': 2, 'cs': 185, 'wardsKilled': 23, 'wardsPlaced': 12, 'cs15': 99, 'firstBlood': 0, 'firstTower': 1, 'towers': 4, 'firstDragon': 1, 'firstBaron': 0, 'dragons': ['cloud', 'ocean'], 'solo': 0, 'barons': 0, 'soul': 0, 'elder': 0}
[2022-06-16 16:31:09,346: WARNING/ForkPoolWorker-1] {'name': 'TL Bjergsen', 'id': '98767991748917187', 'pick': 'Orianna', 'role': 'mid', 'teamId': '98926509885559666', 'kills': 1, 'deaths': 2, 'assists': 2, 'cs': 391, 'wardsKilled': 4, 'wardsPlaced': 16, 'cs15': 158, 'firstBlood': 0, 'firstTower': 1, 'towers': 4, 'firstDragon': 1, 'firstBaron': 0, 'dragons': ['cloud', 'ocean'], 'solo': 0, 'barons': 0, 'soul': 0, 'elder': 0}
[2022-06-16 16:31:09,346: WARNING/ForkPoolWorker-1] {'name': 'TL Hans sama', 'id': '98767975961872793', 'pick': 'Jinx', 'role': 'bottom', 'teamId': '98926509885559666', 'kills': 2, 'deaths': 2, 'assists': 0, 'cs': 441, 'wardsKilled': 21, 'wardsPlaced': 15, 'cs15': 145, 'firstBlood': 0, 'firstTower': 1, 'towers': 4, 'firstDragon': 1, 'firstBaron': 0, 'dragons': ['cloud', 'ocean'], 'solo': 0, 'barons': 0, 'soul': 0, 'elder': 0}
[2022-06-16 16:31:09,347: WARNING/ForkPoolWorker-1] {'name': 'TL Eyla', 'id': '101383792840788117', 'pick': 'Thresh', 'role': 'support', 'teamId': '98926509885559666', 'kills': 0, 'deaths': 3, 'assists': 2, 'cs': 40, 'wardsKilled': 14, 'wardsPlaced': 64, 'cs15': 21, 'firstBlood': 0, 'firstTower': 1, 'towers': 4, 'firstDragon': 1, 'firstBaron': 0, 'dragons': ['cloud', 'ocean'], 'solo': 0, 'barons': 0, 'soul': 0, 'elder': 0}
[2022-06-16 16:31:09,347: WARNING/ForkPoolWorker-1] {'name': '100 Ssumday', 'id': '98926509785257793', 'pick': 'Ornn', 'role': 'top', 'teamId': '99294153828264740', 'kills': 0, 'deaths': 1, 'assists': 7, 'cs': 348, 'wardsKilled': 7, 'wardsPlaced': 17, 'cs15': 132, 'firstBlood': 0, 'firstTower': 0, 'towers': 7, 'firstDragon': 0, 'firstBaron': 1, 'dragons': ['hextech', 'hextech', 'hextech', 'hextech'], 'solo': 0, 'barons': 2, 'soul': 1, 'elder': 0}
[2022-06-16 16:31:09,348: WARNING/ForkPoolWorker-1] {'name': '100 Closer', 'id': '99603798169593745', 'pick': 'XinZhao', 'role': 'jungle', 'teamId': '99294153828264740', 'kills': 1, 'deaths': 0, 'assists': 5, 'cs': 235, 'wardsKilled': 16, 'wardsPlaced': 11, 'cs15': 93, 'firstBlood': 1, 'firstTower': 0, 'towers': 7, 'firstDragon': 0, 'firstBaron': 1, 'dragons': ['hextech', 'hextech', 'hextech', 'hextech'], 'solo': 0, 'barons': 2, 'soul': 1, 'elder': 0}
[2022-06-16 16:31:09,348: WARNING/ForkPoolWorker-1] {'name': '100 Abbedagge', 'id': '100174547541438669', 'pick': 'Azir', 'role': 'mid', 'teamId': '99294153828264740', 'kills': 2, 'deaths': 1, 'assists': 7, 'cs': 353, 'wardsKilled': 12, 'wardsPlaced': 22, 'cs15': 156, 'firstBlood': 1, 'firstTower': 0, 'towers': 7, 'firstDragon': 0, 'firstBaron': 1, 'dragons': ['hextech', 'hextech', 'hextech', 'hextech'], 'solo': 0, 'barons': 2, 'soul': 1, 'elder': 0}
[2022-06-16 16:31:09,349: WARNING/ForkPoolWorker-1] {'name': '100 FBI', 'id': '99566406314527111', 'pick': 'Aphelios', 'role': 'bottom', 'teamId': '99294153828264740', 'kills': 9, 'deaths': 0, 'assists': 4, 'cs': 417, 'wardsKilled': 12, 'wardsPlaced': 16, 'cs15': 147, 'firstBlood': 1, 'firstTower': 0, 'towers': 7, 'firstDragon': 0, 'firstBaron': 1, 'dragons': ['hextech', 'hextech', 'hextech', 'hextech'], 'solo': 1, 'barons': 2, 'soul': 1, 'elder': 0}
[2022-06-16 16:31:09,349: WARNING/ForkPoolWorker-1] {'name': '100 huhi', 'id': '98926509793730393', 'pick': 'Leona', 'role': 'support', 'teamId': '99294153828264740', 'kills': 1, 'deaths': 1, 'assists': 7, 'cs': 43, 'wardsKilled': 13, 'wardsPlaced': 80, 'cs15': 28, 'firstBlood': 1, 'firstTower': 0, 'towers': 7, 'firstDragon': 0, 'firstBaron': 1, 'dragons': ['hextech', 'hextech', 'hextech', 'hextech'], 'solo': 0, 'barons': 2, 'soul': 1, 'elder': 0}
[2022-06-16 16:31:09,352: INFO/ForkPoolWorker-1] Task background_scrape[ec0ca875-a939-421a-bc43-c64d19bc78d9] succeeded in 267.91787102399394s: [{'name': 'TL Bwipo', 'id': '99322214662601038', 'pick': 'Renekton', 'role': 'top', 'teamId': '98926509885559666', 'kills': 0, 'deaths': 3, 'assists': 1, 'cs': 409, 'wardsKilled': 11, 'wardsPlaced': 16, 'cs15': 146, 'firstBlood': 0, 'firstTower': 1, 'towers': 4, 'firstDragon': 1, 'firstBaron': 0, 'dragons': ['cloud', 'ocean'], 'solo': 0, 'barons': 0, 'soul': 0, 'elder': 0}, {'name': 'TL Santorin', 'id': '98926509766240677', 'pick': 'JarvanIV', 'role': 'jungle', 'teamId': '98926509885559666', 'kills': 0, 'deaths': 3, 'assists': 2, 'cs': 185, 'wardsKilled': 23, 'wardsPlaced': 12, 'cs15': 99, 'firstBlood': 0, 'firstTower': 1, 'towers': 4, 'firstDragon': 1, 'firstBaron': 0, 'dragons': ['cloud', 'ocean'], 'solo': 0, 'barons': 0, 'soul': 0, 'elder': 0}, {'name': 'TL Bjergsen', 'id': '98767991748917187', 'pick': 'Orianna', 'role': 'mid', 'teamId': '98926509885559666', 'kills': 1, 'deaths': 2, 'assists': 2, 'cs': 391, 'wardsKilled': 4, 'wardsPlaced': 16, 'cs15': 158, 'firstBlood': 0, 'firstTower': 1, 'towers': 4, 'fir...', ...}]
[2022-06-16 16:32:07,581: WARNING/ForkPoolWorker-4] {'name': 'CLG Jenkins', 'id': '99322408711949607', 'pick': 'Graves', 'role': 'top', 'teamId': '98926509884398584', 'kills': 5, 'deaths': 5, 'assists': 2, 'cs': 433, 'wardsKilled': 6, 'wardsPlaced': 18, 'cs15': 140, 'firstBlood': 0, 'firstTower': 1, 'towers': 8, 'firstDragon': 0, 'firstBaron': 1, 'dragons': ['cloud', 'cloud', 'cloud', 'elder'], 'solo': 2, 'barons': 1, 'soul': 0, 'elder': 1}
[2022-06-16 16:32:07,581: WARNING/ForkPoolWorker-4] {'name': 'CLG Contractz', 'id': '98767975969375854', 'pick': 'Trundle', 'role': 'jungle', 'teamId': '98926509884398584', 'kills': 0, 'deaths': 8, 'assists': 7, 'cs': 197, 'wardsKilled': 26, 'wardsPlaced': 20, 'cs15': 76, 'firstBlood': 0, 'firstTower': 1, 'towers': 8, 'firstDragon': 0, 'firstBaron': 1, 'dragons': ['cloud', 'cloud', 'cloud', 'elder'], 'solo': 0, 'barons': 1, 'soul': 0, 'elder': 1}
[2022-06-16 16:32:07,582: WARNING/ForkPoolWorker-4] {'name': 'CLG Palafox', 'id': '99101098225032611', 'pick': 'Viktor', 'role': 'mid', 'teamId': '98926509884398584', 'kills': 2, 'deaths': 5, 'assists': 3, 'cs': 426, 'wardsKilled': 8, 'wardsPlaced': 26, 'cs15': 136, 'firstBlood': 0, 'firstTower': 1, 'towers': 8, 'firstDragon': 0, 'firstBaron': 1, 'dragons': ['cloud', 'cloud', 'cloud', 'elder'], 'solo': 0, 'barons': 1, 'soul': 0, 'elder': 1}
[2022-06-16 16:32:07,582: WARNING/ForkPoolWorker-4] {'name': 'CLG Luger', 'id': '99566405664329447', 'pick': 'Caitlyn', 'role': 'bottom', 'teamId': '98926509884398584', 'kills': 5, 'deaths': 1, 'assists': 3, 'cs': 440, 'wardsKilled': 36, 'wardsPlaced': 18, 'cs15': 129, 'firstBlood': 0, 'firstTower': 1, 'towers': 8, 'firstDragon': 0, 'firstBaron': 1, 'dragons': ['cloud', 'cloud', 'cloud', 'elder'], 'solo': 0, 'barons': 1, 'soul': 0, 'elder': 1}
[2022-06-16 16:32:07,583: WARNING/ForkPoolWorker-4] {'name': 'CLG Poome', 'id': '104321223175760818', 'pick': 'Lux', 'role': 'support', 'teamId': '98926509884398584', 'kills': 1, 'deaths': 3, 'assists': 8, 'cs': 64, 'wardsKilled': 16, 'wardsPlaced': 84, 'cs15': 6, 'firstBlood': 0, 'firstTower': 1, 'towers': 8, 'firstDragon': 0, 'firstBaron': 1, 'dragons': ['cloud', 'cloud', 'cloud', 'elder'], 'solo': 0, 'barons': 1, 'soul': 0, 'elder': 1}
[2022-06-16 16:32:07,583: WARNING/ForkPoolWorker-4] {'name': 'FLY Kumo', 'id': '99322534298200420', 'pick': 'Janna', 'role': 'top', 'teamId': '98926509892121852', 'kills': 1, 'deaths': 2, 'assists': 17, 'cs': 59, 'wardsKilled': 20, 'wardsPlaced': 68, 'cs15': 15, 'firstBlood': 0, 'firstTower': 0, 'towers': 11, 'firstDragon': 1, 'firstBaron': 0, 'dragons': ['ocean', 'infernal', 'cloud', 'cloud'], 'solo': 0, 'barons': 2, 'soul': 1, 'elder': 1}
[2022-06-16 16:32:07,583: WARNING/ForkPoolWorker-4] {'name': 'FLY Josedeodo', 'id': '99566408350815597', 'pick': 'XinZhao', 'role': 'jungle', 'teamId': '98926509892121852', 'kills': 3, 'deaths': 3, 'assists': 13, 'cs': 304, 'wardsKilled': 33, 'wardsPlaced': 16, 'cs15': 111, 'firstBlood': 1, 'firstTower': 0, 'towers': 11, 'firstDragon': 1, 'firstBaron': 0, 'dragons': ['ocean', 'infernal', 'cloud', 'cloud'], 'solo': 0, 'barons': 2, 'soul': 1, 'elder': 1}
[2022-06-16 16:32:07,584: WARNING/ForkPoolWorker-4] {'name': 'FLY toucouille', 'id': '103935318111841563', 'pick': 'Zoe', 'role': 'mid', 'teamId': '98926509892121852', 'kills': 6, 'deaths': 2, 'assists': 6, 'cs': 364, 'wardsKilled': 6, 'wardsPlaced': 24, 'cs15': 147, 'firstBlood': 0, 'firstTower': 0, 'towers': 11, 'firstDragon': 1, 'firstBaron': 0, 'dragons': ['ocean', 'infernal', 'cloud', 'cloud'], 'solo': 0, 'barons': 2, 'soul': 1, 'elder': 1}
[2022-06-16 16:32:07,584: WARNING/ForkPoolWorker-4] {'name': 'FLY Johnsun', 'id': '103461966875625344', 'pick': 'Jhin', 'role': 'bottom', 'teamId': '98926509892121852', 'kills': 11, 'deaths': 1, 'assists': 7, 'cs': 516, 'wardsKilled': 11, 'wardsPlaced': 28, 'cs15': 140, 'firstBlood': 1, 'firstTower': 0, 'towers': 11, 'firstDragon': 1, 'firstBaron': 0, 'dragons': ['ocean', 'infernal', 'cloud', 'cloud'], 'solo': 0, 'barons': 2, 'soul': 1, 'elder': 1}
[2022-06-16 16:32:07,585: WARNING/ForkPoolWorker-4] {'name': 'FLY aphromoo', 'id': '98926509759999764', 'pick': 'Leona', 'role': 'support', 'teamId': '98926509892121852', 'kills': 1, 'deaths': 5, 'assists': 15, 'cs': 32, 'wardsKilled': 12, 'wardsPlaced': 65, 'cs15': 15, 'firstBlood': 0, 'firstTower': 0, 'towers': 11, 'firstDragon': 1, 'firstBaron': 0, 'dragons': ['ocean', 'infernal', 'cloud', 'cloud'], 'solo': 0, 'barons': 2, 'soul': 1, 'elder': 1}
[2022-06-16 16:32:07,587: INFO/ForkPoolWorker-4] Task background_scrape[0a9c315a-eabe-42c8-91f9-b818b73df3f9] succeeded in 325.29707430399867s: [{'name': 'CLG Jenkins', 'id': '99322408711949607', 'pick': 'Graves', 'role': 'top', 'teamId': '98926509884398584', 'kills': 5, 'deaths': 5, 'assists': 2, 'cs': 433, 'wardsKilled': 6, 'wardsPlaced': 18, 'cs15': 140, 'firstBlood': 0, 'firstTower': 1, 'towers': 8, 'firstDragon': 0, 'firstBaron': 1, 'dragons': ['cloud', 'cloud', 'cloud', 'elder'], 'solo': 2, 'barons': 1, 'soul': 0, 'elder': 1}, {'name': 'CLG Contractz', 'id': '98767975969375854', 'pick': 'Trundle', 'role': 'jungle', 'teamId': '98926509884398584', 'kills': 0, 'deaths': 8, 'assists': 7, 'cs': 197, 'wardsKilled': 26, 'wardsPlaced': 20, 'cs15': 76, 'firstBlood': 0, 'firstTower': 1, 'towers': 8, 'firstDragon': 0, 'firstBaron': 1, 'dragons': ['cloud', 'cloud', 'cloud', 'elder'], 'solo': 0, 'barons': 1, 'soul': 0, 'elder': 1}, {'name': 'CLG Palafox', 'id': '99101098225032611', 'pick': 'Viktor', 'role': 'mid', 'teamId': '98926509884398584', 'kills': 2, 'deaths': 5, 'assists': 3, 'cs': 426, 'wardsKilled': 8, 'wardsPlaced': 26, 'cs15': 136, 'firstBlood': , ...}]
